
         Lattice Mapping Report File for Design Module 'arith_add04'


Design Information
------------------

Command line:   map -a MachXO2 -p LCMXO2-7000HE -t TQFP144 -s 4 -oc Commercial
     arith_add04_arith_add04.ngd -o arith_add04_arith_add04_map.ncd -pr
     arith_add04_arith_add04.prf -mp arith_add04_arith_add04.mrp -lpf C:/Users/C
     armatchMX/Desktop/Practicas1erparcial/9sumador_arith4/arith_add04/arith_add
     04_arith_add04_synplify.lpf -lpf C:/Users/CarmatchMX/Desktop/Practicas1erpa
     rcial/9sumador_arith4/arith_add04.lpf -c 0 -gui -msgset C:/Users/CarmatchMX
     /Desktop/Practicas1erparcial/9sumador_arith4/promote.xml 
Target Vendor:  LATTICE
Target Device:  LCMXO2-7000HETQFP144
Target Performance:   4
Mapper:  xo2c00,  version:  Diamond (64-bit) 3.9.0.99.2
Mapped on:  09/29/17  12:12:10

Design Summary
--------------

   Number of registers:      0 out of  7209 (0%)
      PFU registers:            0 out of  6864 (0%)
      PIO registers:            0 out of   345 (0%)
   Number of SLICEs:         7 out of  3432 (0%)
      SLICEs as Logic/ROM:      7 out of  3432 (0%)
      SLICEs as RAM:            0 out of  2574 (0%)
      SLICEs as Carry:          6 out of  3432 (0%)
   Number of LUT4s:         14 out of  6864 (0%)
      Number used as logic LUTs:          2
      Number used as distributed RAM:     0
      Number used as ripple logic:       12
      Number used as shift registers:     0
   Number of PIO sites used: 16 + 4(JTAG) out of 115 (17%)
   Number of block RAMs:  0 out of 26 (0%)
   Number of GSRs:  0 out of 1 (0%)
   EFB used :       No
   JTAG used :      No
   Readback used :  No
   Oscillator used :  No
   Startup used :   No
   POR :            On
   Bandgap :        On
   Number of Power Controller:  0 out of 1 (0%)
   Number of Dynamic Bank Controller (BCINRD):  0 out of 6 (0%)
   Number of Dynamic Bank Controller (BCLVDSO):  0 out of 1 (0%)
   Number of DCCA:  0 out of 8 (0%)
   Number of DCMA:  0 out of 2 (0%)
   Number of PLLs:  0 out of 2 (0%)
   Number of DQSDLLs:  0 out of 2 (0%)
   Number of CLKDIVC:  0 out of 4 (0%)
   Number of ECLKSYNCA:  0 out of 4 (0%)
   Number of ECLKBRIDGECS:  0 out of 2 (0%)
   Notes:-
      1. Total number of LUT4s = (Number of logic LUT4s) + 2*(Number of
     distributed RAMs) + 2*(Number of ripple logic)
      2. Number of logic LUT4s does not include count of distributed RAM and
     ripple logic.
   Number of clocks:  0
   Number of Clock Enables:  0

                                    Page 1




Design:  arith_add04                                   Date:  09/29/17  12:12:10

Design Summary (cont)
---------------------
   Number of LSRs:  0
   Number of nets driven by tri-state buffers:  0
   Top 10 highest fanout non-clock nets:
     Net Ba_c[0]: 4 loads
     Net Yb: 4 loads
     Net Aa_c[1]: 2 loads
     Net Aa_c[2]: 2 loads
     Net Aa_c[3]: 2 loads
     Net Ba_c[1]: 2 loads
     Net Ba_c[2]: 2 loads
     Net Ba_c[3]: 2 loads
     Net Ya_c[0]: 1 loads
     Net Ya_c[2]: 1 loads




   Number of warnings:  0
   Number of errors:    0
     

Design Errors/Warnings
----------------------

   No errors or warnings present.

IO (PIO) Attributes
-------------------

+---------------------+-----------+-----------+------------+
| IO Name             | Direction | Levelmode | IO         |
|                     |           |  IO_TYPE  | Register   |
+---------------------+-----------+-----------+------------+
| Ya[0]               | OUTPUT    | LVCMOS25  |            |
+---------------------+-----------+-----------+------------+
| Aa[0]               | INPUT     | LVCMOS25  |            |
+---------------------+-----------+-----------+------------+
| Yb[3]               | OUTPUT    | LVCMOS25  |            |
+---------------------+-----------+-----------+------------+
| Yb[2]               | OUTPUT    | LVCMOS25  |            |
+---------------------+-----------+-----------+------------+
| Yb[1]               | OUTPUT    | LVCMOS25  |            |
+---------------------+-----------+-----------+------------+
| Yb[0]               | OUTPUT    | LVCMOS25  |            |
+---------------------+-----------+-----------+------------+
| Ya[3]               | OUTPUT    | LVCMOS25  |            |
+---------------------+-----------+-----------+------------+
| Ya[2]               | OUTPUT    | LVCMOS25  |            |
+---------------------+-----------+-----------+------------+
| Ya[1]               | OUTPUT    | LVCMOS25  |            |
+---------------------+-----------+-----------+------------+
| Ba[3]               | INPUT     | LVCMOS25  |            |
+---------------------+-----------+-----------+------------+
| Ba[2]               | INPUT     | LVCMOS25  |            |
+---------------------+-----------+-----------+------------+
| Ba[1]               | INPUT     | LVCMOS25  |            |

                                    Page 2




Design:  arith_add04                                   Date:  09/29/17  12:12:10

IO (PIO) Attributes (cont)
--------------------------
+---------------------+-----------+-----------+------------+
| Ba[0]               | INPUT     | LVCMOS25  |            |
+---------------------+-----------+-----------+------------+
| Aa[3]               | INPUT     | LVCMOS25  |            |
+---------------------+-----------+-----------+------------+
| Aa[2]               | INPUT     | LVCMOS25  |            |
+---------------------+-----------+-----------+------------+
| Aa[1]               | INPUT     | LVCMOS25  |            |
+---------------------+-----------+-----------+------------+

Removed logic
-------------

Block GSR_INST undriven or does not drive anything - clipped.
Signal GND undriven or does not drive anything - clipped.
Signal Yb_s_3_0_S1 undriven or does not drive anything - clipped.
Signal Yb_s_3_0_COUT undriven or does not drive anything - clipped.
Signal ya_cry_0_0_S1 undriven or does not drive anything - clipped.
Signal ya_cry_0_0_S0 undriven or does not drive anything - clipped.
Signal N_2 undriven or does not drive anything - clipped.
Signal ya_s_3_0_S1 undriven or does not drive anything - clipped.
Signal ya_s_3_0_COUT undriven or does not drive anything - clipped.
Signal Yb_cry_0_0_S1 undriven or does not drive anything - clipped.
Signal Yb_cry_0_0_S0 undriven or does not drive anything - clipped.
Signal N_1 undriven or does not drive anything - clipped.
Block GND was optimized away.

Memory Usage
------------


     

Run Time and Memory Usage
-------------------------

   Total CPU Time: 0 secs  
   Total REAL Time: 0 secs  
   Peak Memory Usage: 57 MB
        

















                                    Page 3


Copyright (c) 1991-1994 by NeoCAD Inc. All rights reserved.
     Copyright (c) 1995 AT&T Corp.   All rights reserved.
     Copyright (c) 1995-2001 Lucent Technologies Inc.  All rights reserved.
     Copyright (c) 2001 Agere Systems   All rights reserved.
     Copyright (c) 2002-2017 Lattice Semiconductor Corporation,  All rights
     reserved.
