Running in Lattice mode


Starting:    E:\diamond-arquitectura\diamond\3.9_x64\synpbase\bin64\mbin\synbatch.exe
Install:     E:\diamond-arquitectura\diamond\3.9_x64\synpbase
Hostname:    GALA-PC
Date:        Wed Sep 13 01:33:59 2017
Version:     L-2016.09L

Arguments:   -product synplify_pro -batch arith_add04_arith_add04_synplify.tcl
ProductType: synplify_pro





Technology initialized from device list to: LATTICE-XP

Copied G:\todas las carpetas\Escom\Semestre5\Arquitectura de Computadoras\Practicas\sumador_arith4\arith_add04\arith_add04_arith_add04.srr to G:\todas las carpetas\Escom\Semestre5\Arquitectura de Computadoras\Practicas\sumador_arith4\arith_add04\backup\arith_add04_arith_add04.srr

log file: "G:\todas las carpetas\Escom\Semestre5\Arquitectura de Computadoras\Practicas\sumador_arith4\arith_add04\arith_add04_arith_add04.srr"

Running: hdl_info_gen in foreground



Generating HDL info...


hdl_info_gen completed
# Wed Sep 13 01:34:00 2017

Return Code: 0
Run Time:00h:00m:00s

Copied G:\todas las carpetas\Escom\Semestre5\Arquitectura de Computadoras\Practicas\sumador_arith4\arith_add04\arith_add04_arith_add04.srr to G:\todas las carpetas\Escom\Semestre5\Arquitectura de Computadoras\Practicas\sumador_arith4\arith_add04\arith_add04_arith_add04.srf

log file: "G:\todas las carpetas\Escom\Semestre5\Arquitectura de Computadoras\Practicas\sumador_arith4\arith_add04\arith_add04_arith_add04.srr"

Running: arith_add04 in foreground



Running proj_1|arith_add04


Running: compile (Compile) on proj_1|arith_add04
# Wed Sep 13 01:34:01 2017


Running: compile_flow (Compile Process) on proj_1|arith_add04
# Wed Sep 13 01:34:01 2017


Running: compiler (Compile Input) on proj_1|arith_add04
# Wed Sep 13 01:34:01 2017

Copied G:\todas las carpetas\Escom\Semestre5\Arquitectura de Computadoras\Practicas\sumador_arith4\arith_add04\synwork\arith_add04_arith_add04_comp.srs to G:\todas las carpetas\Escom\Semestre5\Arquitectura de Computadoras\Practicas\sumador_arith4\arith_add04\arith_add04_arith_add04.srs


compiler completed
# Wed Sep 13 01:34:03 2017

Return Code: 0
Run Time:00h:00m:02s


Running: multi_srs_gen (Multi-srs Generator) on proj_1|arith_add04
# Wed Sep 13 01:34:03 2017


multi_srs_gen completed
# Wed Sep 13 01:34:04 2017

Return Code: 0
Run Time:00h:00m:01s

Copied G:\todas las carpetas\Escom\Semestre5\Arquitectura de Computadoras\Practicas\sumador_arith4\arith_add04\synwork\arith_add04_arith_add04_mult.srs to G:\todas las carpetas\Escom\Semestre5\Arquitectura de Computadoras\Practicas\sumador_arith4\arith_add04\arith_add04_arith_add04.srs

Copied G:\todas las carpetas\Escom\Semestre5\Arquitectura de Computadoras\Practicas\sumador_arith4\arith_add04\arith_add04_arith_add04.srr to G:\todas las carpetas\Escom\Semestre5\Arquitectura de Computadoras\Practicas\sumador_arith4\arith_add04\arith_add04_arith_add04.srf

Complete: Compile Process on proj_1|arith_add04


Running: premap (Pre-mapping) on proj_1|arith_add04
# Wed Sep 13 01:34:04 2017


premap completed
# Wed Sep 13 01:34:06 2017

Return Code: 0
Run Time:00h:00m:02s

Complete: Compile on proj_1|arith_add04


Running: map (Map) on proj_1|arith_add04
# Wed Sep 13 01:34:06 2017

License granted for 4 parallel jobs


Running: fpga_mapper (Map & Optimize) on proj_1|arith_add04
# Wed Sep 13 01:34:06 2017

Copied G:\todas las carpetas\Escom\Semestre5\Arquitectura de Computadoras\Practicas\sumador_arith4\arith_add04\synwork\arith_add04_arith_add04_m.srm to G:\todas las carpetas\Escom\Semestre5\Arquitectura de Computadoras\Practicas\sumador_arith4\arith_add04\arith_add04_arith_add04.srm


fpga_mapper completed
# Wed Sep 13 01:34:09 2017

Return Code: 0
Run Time:00h:00m:03s

Complete: Map on proj_1|arith_add04

Copied G:\todas las carpetas\Escom\Semestre5\Arquitectura de Computadoras\Practicas\sumador_arith4\arith_add04\arith_add04_arith_add04.srr to G:\todas las carpetas\Escom\Semestre5\Arquitectura de Computadoras\Practicas\sumador_arith4\arith_add04\arith_add04_arith_add04.srf

Complete: Logic Synthesis on proj_1|arith_add04

TCL script complete: "arith_add04_arith_add04_synplify.tcl"

exit status=0

exit status=0

Save changes for project:
G:\todas las carpetas\Escom\Semestre5\Arquitectura de Computadoras\Practicas\sumador_arith4\arith_add04\proj_1.prj

batch mode default:no

