Running in Lattice mode


Starting:    C:\lscc\diamond\3.9_x64\synpbase\bin64\mbin\synbatch.exe
Install:     C:\lscc\diamond\3.9_x64\synpbase
Hostname:    LLUVIAS
Date:        Tue Sep 05 10:38:25 2017
Version:     L-2016.09L

Arguments:   -product synplify_pro -batch adder4bit00_adder4bit00_synplify.tcl
ProductType: synplify_pro





Technology initialized from device list to: LATTICE-XP

log file: "C:\lscc\diamond\3.9_x64\bin\nt64\arqui\7adder4bit00\adder4bit00\adder4bit00\adder4bit00_adder4bit00.srr"

Running: hdl_info_gen in foreground



Generating HDL info...


hdl_info_gen completed
# Tue Sep 05 10:38:26 2017

Return Code: 0
Run Time:00h:00m:01s

Copied C:\lscc\diamond\3.9_x64\bin\nt64\arqui\7adder4bit00\adder4bit00\adder4bit00\adder4bit00_adder4bit00.srr to C:\lscc\diamond\3.9_x64\bin\nt64\arqui\7adder4bit00\adder4bit00\adder4bit00\adder4bit00_adder4bit00.srf

log file: "C:\lscc\diamond\3.9_x64\bin\nt64\arqui\7adder4bit00\adder4bit00\adder4bit00\adder4bit00_adder4bit00.srr"

Running: adder4bit00 in foreground



Running proj_1|adder4bit00


Running: compile (Compile) on proj_1|adder4bit00
# Tue Sep 05 10:38:26 2017


Running: compile_flow (Compile Process) on proj_1|adder4bit00
# Tue Sep 05 10:38:26 2017


Running: compiler (Compile Input) on proj_1|adder4bit00
# Tue Sep 05 10:38:26 2017

Copied C:\lscc\diamond\3.9_x64\bin\nt64\arqui\7adder4bit00\adder4bit00\adder4bit00\synwork\adder4bit00_adder4bit00_comp.srs to C:\lscc\diamond\3.9_x64\bin\nt64\arqui\7adder4bit00\adder4bit00\adder4bit00\adder4bit00_adder4bit00.srs


compiler completed
# Tue Sep 05 10:38:29 2017

Return Code: 0
Run Time:00h:00m:03s


Running: multi_srs_gen (Multi-srs Generator) on proj_1|adder4bit00
# Tue Sep 05 10:38:29 2017


multi_srs_gen completed
# Tue Sep 05 10:38:29 2017

Return Code: 0
Run Time:00h:00m:00s

Copied C:\lscc\diamond\3.9_x64\bin\nt64\arqui\7adder4bit00\adder4bit00\adder4bit00\synwork\adder4bit00_adder4bit00_mult.srs to C:\lscc\diamond\3.9_x64\bin\nt64\arqui\7adder4bit00\adder4bit00\adder4bit00\adder4bit00_adder4bit00.srs

Copied C:\lscc\diamond\3.9_x64\bin\nt64\arqui\7adder4bit00\adder4bit00\adder4bit00\adder4bit00_adder4bit00.srr to C:\lscc\diamond\3.9_x64\bin\nt64\arqui\7adder4bit00\adder4bit00\adder4bit00\adder4bit00_adder4bit00.srf

Complete: Compile Process on proj_1|adder4bit00


Running: premap (Pre-mapping) on proj_1|adder4bit00
# Tue Sep 05 10:38:29 2017


premap completed
# Tue Sep 05 10:38:31 2017

Return Code: 0
Run Time:00h:00m:02s

Complete: Compile on proj_1|adder4bit00


Running: map (Map) on proj_1|adder4bit00
# Tue Sep 05 10:38:31 2017

License granted for 4 parallel jobs


Running: fpga_mapper (Map & Optimize) on proj_1|adder4bit00
# Tue Sep 05 10:38:31 2017

Copied C:\lscc\diamond\3.9_x64\bin\nt64\arqui\7adder4bit00\adder4bit00\adder4bit00\synwork\adder4bit00_adder4bit00_m.srm to C:\lscc\diamond\3.9_x64\bin\nt64\arqui\7adder4bit00\adder4bit00\adder4bit00\adder4bit00_adder4bit00.srm


fpga_mapper completed
# Tue Sep 05 10:38:34 2017

Return Code: 0
Run Time:00h:00m:03s

Complete: Map on proj_1|adder4bit00

Copied C:\lscc\diamond\3.9_x64\bin\nt64\arqui\7adder4bit00\adder4bit00\adder4bit00\adder4bit00_adder4bit00.srr to C:\lscc\diamond\3.9_x64\bin\nt64\arqui\7adder4bit00\adder4bit00\adder4bit00\adder4bit00_adder4bit00.srf

Complete: Logic Synthesis on proj_1|adder4bit00

TCL script complete: "adder4bit00_adder4bit00_synplify.tcl"

exit status=0

exit status=0

Save changes for project:
C:\lscc\diamond\3.9_x64\bin\nt64\arqui\7adder4bit00\adder4bit00\adder4bit00\proj_1.prj

batch mode default:no

