Running in Lattice mode


Starting:    C:\lscc\diamond\3.9_x64\synpbase\bin64\mbin\synbatch.exe
Install:     C:\lscc\diamond\3.9_x64\synpbase
Hostname:    CARMATCHMX
Date:        Thu Sep 28 11:22:28 2017
Version:     L-2016.09L

Arguments:   -product synplify_pro -batch adder8bit00_adder8bit00_synplify.tcl
ProductType: synplify_pro





Technology initialized from device list to: LATTICE-XP

log file: "C:\Users\CarmatchMX\Desktop\Nueva carpeta\8adder8bit00\adder8bit00\adder8bit00\adder8bit00_adder8bit00.srr"

Running: hdl_info_gen in foreground



Generating HDL info...


hdl_info_gen completed
# Thu Sep 28 11:22:28 2017

Return Code: 0
Run Time:00h:00m:00s

Copied C:\Users\CarmatchMX\Desktop\Nueva carpeta\8adder8bit00\adder8bit00\adder8bit00\adder8bit00_adder8bit00.srr to C:\Users\CarmatchMX\Desktop\Nueva carpeta\8adder8bit00\adder8bit00\adder8bit00\adder8bit00_adder8bit00.srf

log file: "C:\Users\CarmatchMX\Desktop\Nueva carpeta\8adder8bit00\adder8bit00\adder8bit00\adder8bit00_adder8bit00.srr"

Running: adder8bit00 in foreground



Running proj_1|adder8bit00


Running: compile (Compile) on proj_1|adder8bit00
# Thu Sep 28 11:22:29 2017


Running: compile_flow (Compile Process) on proj_1|adder8bit00
# Thu Sep 28 11:22:29 2017


Running: compiler (Compile Input) on proj_1|adder8bit00
# Thu Sep 28 11:22:29 2017

Copied C:\Users\CarmatchMX\Desktop\Nueva carpeta\8adder8bit00\adder8bit00\adder8bit00\synwork\adder8bit00_adder8bit00_comp.srs to C:\Users\CarmatchMX\Desktop\Nueva carpeta\8adder8bit00\adder8bit00\adder8bit00\adder8bit00_adder8bit00.srs


compiler completed
# Thu Sep 28 11:22:30 2017

Return Code: 0
Run Time:00h:00m:01s


Running: multi_srs_gen (Multi-srs Generator) on proj_1|adder8bit00
# Thu Sep 28 11:22:30 2017


multi_srs_gen completed
# Thu Sep 28 11:22:30 2017

Return Code: 0
Run Time:00h:00m:00s

Copied C:\Users\CarmatchMX\Desktop\Nueva carpeta\8adder8bit00\adder8bit00\adder8bit00\synwork\adder8bit00_adder8bit00_mult.srs to C:\Users\CarmatchMX\Desktop\Nueva carpeta\8adder8bit00\adder8bit00\adder8bit00\adder8bit00_adder8bit00.srs

Copied C:\Users\CarmatchMX\Desktop\Nueva carpeta\8adder8bit00\adder8bit00\adder8bit00\adder8bit00_adder8bit00.srr to C:\Users\CarmatchMX\Desktop\Nueva carpeta\8adder8bit00\adder8bit00\adder8bit00\adder8bit00_adder8bit00.srf

Complete: Compile Process on proj_1|adder8bit00


Running: premap (Pre-mapping) on proj_1|adder8bit00
# Thu Sep 28 11:22:30 2017


premap completed
# Thu Sep 28 11:22:31 2017

Return Code: 0
Run Time:00h:00m:01s

Complete: Compile on proj_1|adder8bit00


Running: map (Map) on proj_1|adder8bit00
# Thu Sep 28 11:22:31 2017

License granted for 4 parallel jobs


Running: fpga_mapper (Map & Optimize) on proj_1|adder8bit00
# Thu Sep 28 11:22:31 2017

Copied C:\Users\CarmatchMX\Desktop\Nueva carpeta\8adder8bit00\adder8bit00\adder8bit00\synwork\adder8bit00_adder8bit00_m.srm to C:\Users\CarmatchMX\Desktop\Nueva carpeta\8adder8bit00\adder8bit00\adder8bit00\adder8bit00_adder8bit00.srm


fpga_mapper completed
# Thu Sep 28 11:22:33 2017

Return Code: 0
Run Time:00h:00m:02s

Complete: Map on proj_1|adder8bit00

Copied C:\Users\CarmatchMX\Desktop\Nueva carpeta\8adder8bit00\adder8bit00\adder8bit00\adder8bit00_adder8bit00.srr to C:\Users\CarmatchMX\Desktop\Nueva carpeta\8adder8bit00\adder8bit00\adder8bit00\adder8bit00_adder8bit00.srf

Complete: Logic Synthesis on proj_1|adder8bit00

TCL script complete: "adder8bit00_adder8bit00_synplify.tcl"

exit status=0

exit status=0

Save changes for project:
C:\Users\CarmatchMX\Desktop\Nueva carpeta\8adder8bit00\adder8bit00\adder8bit00\proj_1.prj

batch mode default:no

