Running in Lattice mode


Starting:    C:\lscc\diamond\3.9_x64\synpbase\bin64\mbin\synbatch.exe
Install:     C:\lscc\diamond\3.9_x64\synpbase
Hostname:    CARMATCHMX
Date:        Thu Sep 28 13:42:17 2017
Version:     L-2016.09L

Arguments:   -product synplify_pro -batch registro01_registro01_synplify.tcl
ProductType: synplify_pro





Technology initialized from device list to: LATTICE-XP

log file: "C:\Users\CarmatchMX\Desktop\Practicas1erparcial\15Registro derecha\registro01\registro01_registro01.srr"

Running: hdl_info_gen in foreground



Generating HDL info...


hdl_info_gen completed
# Thu Sep 28 13:42:18 2017

Return Code: 0
Run Time:00h:00m:00s

Copied C:\Users\CarmatchMX\Desktop\Practicas1erparcial\15Registro derecha\registro01\registro01_registro01.srr to C:\Users\CarmatchMX\Desktop\Practicas1erparcial\15Registro derecha\registro01\registro01_registro01.srf

log file: "C:\Users\CarmatchMX\Desktop\Practicas1erparcial\15Registro derecha\registro01\registro01_registro01.srr"

Running: registro01 in foreground



Running proj_1|registro01


Running: compile (Compile) on proj_1|registro01
# Thu Sep 28 13:42:18 2017


Running: compile_flow (Compile Process) on proj_1|registro01
# Thu Sep 28 13:42:18 2017


Running: compiler (Compile Input) on proj_1|registro01
# Thu Sep 28 13:42:18 2017

Copied C:\Users\CarmatchMX\Desktop\Practicas1erparcial\15Registro derecha\registro01\synwork\registro01_registro01_comp.srs to C:\Users\CarmatchMX\Desktop\Practicas1erparcial\15Registro derecha\registro01\registro01_registro01.srs


compiler completed
# Thu Sep 28 13:42:20 2017

Return Code: 0
Run Time:00h:00m:02s


Running: multi_srs_gen (Multi-srs Generator) on proj_1|registro01
# Thu Sep 28 13:42:20 2017


multi_srs_gen completed
# Thu Sep 28 13:42:20 2017

Return Code: 0
Run Time:00h:00m:00s

Copied C:\Users\CarmatchMX\Desktop\Practicas1erparcial\15Registro derecha\registro01\synwork\registro01_registro01_mult.srs to C:\Users\CarmatchMX\Desktop\Practicas1erparcial\15Registro derecha\registro01\registro01_registro01.srs

Copied C:\Users\CarmatchMX\Desktop\Practicas1erparcial\15Registro derecha\registro01\registro01_registro01.srr to C:\Users\CarmatchMX\Desktop\Practicas1erparcial\15Registro derecha\registro01\registro01_registro01.srf

Complete: Compile Process on proj_1|registro01


Running: premap (Pre-mapping) on proj_1|registro01
# Thu Sep 28 13:42:20 2017


premap completed with warnings
# Thu Sep 28 13:42:21 2017

Return Code: 1
Run Time:00h:00m:01s

Complete: Compile on proj_1|registro01


Running: map (Map) on proj_1|registro01
# Thu Sep 28 13:42:21 2017

License granted for 4 parallel jobs


Running: fpga_mapper (Map & Optimize) on proj_1|registro01
# Thu Sep 28 13:42:21 2017

Copied C:\Users\CarmatchMX\Desktop\Practicas1erparcial\15Registro derecha\registro01\synwork\registro01_registro01_m.srm to C:\Users\CarmatchMX\Desktop\Practicas1erparcial\15Registro derecha\registro01\registro01_registro01.srm


fpga_mapper completed with warnings
# Thu Sep 28 13:42:22 2017

Return Code: 1
Run Time:00h:00m:01s

Complete: Map on proj_1|registro01

Copied C:\Users\CarmatchMX\Desktop\Practicas1erparcial\15Registro derecha\registro01\registro01_registro01.srr to C:\Users\CarmatchMX\Desktop\Practicas1erparcial\15Registro derecha\registro01\registro01_registro01.srf

Complete: Logic Synthesis on proj_1|registro01

TCL script complete: "registro01_registro01_synplify.tcl"

exit status=0

exit status=0

Save changes for project:
C:\Users\CarmatchMX\Desktop\Practicas1erparcial\15Registro derecha\registro01\proj_1.prj

batch mode default:no

