
synpwrap -msg -prj "Mealy_Mealy_synplify.tcl" -log "Mealy_Mealy.srf"
Copyright (C) 1992-2016 Lattice Semiconductor Corporation. All rights reserved.
Lattice Diamond Version 3.8.0.115.3
    <postMsg mid="2011000" type="Info"    dynamic="0" navigation="0"  />

==contents of Mealy_Mealy.srf
#Build: Synplify Pro L-2016.03L-1, Build 097R, Jul  4 2016
#install: C:\lscc\diamond\3.8_x64\synpbase
#OS: Windows 8 6.2
#Hostname: RODRIGO-PC

# Tue Mar 07 10:19:38 2017

#Implementation: Mealy

Synopsys HDL Compiler, version comp2016q2rc, Build 192R, built Jul  5 2016
@N|Running in 64-bit mode
Copyright (C) 1994-2016 Synopsys, Inc. All rights reserved. This Synopsys software and all associated documentation are proprietary to Synopsys, Inc. and may only be used pursuant to the terms and conditions of a written license agreement with Synopsys, Inc. All other use, reproduction, modification, or distribution of the Synopsys software or the associated documentation is strictly prohibited.

Synopsys VHDL Compiler, version comp2016q2rc, Build 192R, built Jul  5 2016
@N|Running in 64-bit mode
Copyright (C) 1994-2016 Synopsys, Inc. All rights reserved. This Synopsys software and all associated documentation are proprietary to Synopsys, Inc. and may only be used pursuant to the terms and conditions of a written license agreement with Synopsys, Inc. All other use, reproduction, modification, or distribution of the Synopsys software or the associated documentation is strictly prohibited.

@N: CD720 :"C:\lscc\diamond\3.8_x64\synpbase\lib\vhd\std.vhd":123:18:123:21|Setting time resolution to ns
@N:"C:\Users\RODRIGO\Desktop\2017-1\Arquitectura\Proyectos\pendientes\mult4bit00\topsec0101me00.vhdl":9:7:9:20|Top entity is set to topsec0101me00.
File C:\lscc\diamond\3.8_x64\synpbase\lib\cpld\lattice.vhd changed - recompiling
File C:\lscc\diamond\3.8_x64\synpbase\lib\lucent\machxo2.vhd changed - recompiling
File C:\Users\RODRIGO\Desktop\2017-1\Arquitectura\Proyectos\pendientes\mult4bit00\osc00.vhdl changed - recompiling
File C:\Users\RODRIGO\Desktop\2017-1\Arquitectura\Proyectos\pendientes\mult4bit00\packageosc00.vhdl changed - recompiling
File C:\Users\RODRIGO\Desktop\2017-1\Arquitectura\Proyectos\pendientes\mult4bit00\toposc00.vhdl changed - recompiling
File C:\Users\RODRIGO\Desktop\2017-1\Arquitectura\Proyectos\pendientes\mult4bit00\rps00.vhdl changed - recompiling
File C:\Users\RODRIGO\Desktop\2017-1\Arquitectura\Proyectos\pendientes\mult4bit00\sec0101me00.vhdl changed - recompiling
File C:\Users\RODRIGO\Desktop\2017-1\Arquitectura\Proyectos\pendientes\mult4bit00\package0101me00.vhdl changed - recompiling
File C:\Users\RODRIGO\Desktop\2017-1\Arquitectura\Proyectos\pendientes\mult4bit00\topsec0101me00.vhdl changed - recompiling
VHDL syntax check successful!
File C:\Users\RODRIGO\Desktop\2017-1\Arquitectura\Proyectos\pendientes\mult4bit00\sec0101me00.vhdl changed - recompiling
File C:\Users\RODRIGO\Desktop\2017-1\Arquitectura\Proyectos\pendientes\mult4bit00\topsec0101me00.vhdl changed - recompiling
@N: CD630 :"C:\Users\RODRIGO\Desktop\2017-1\Arquitectura\Proyectos\pendientes\mult4bit00\topsec0101me00.vhdl":9:7:9:20|Synthesizing work.topsec0101me00.topsec0101me0.
@N: CD630 :"C:\Users\RODRIGO\Desktop\2017-1\Arquitectura\Proyectos\pendientes\mult4bit00\sec0101me00.vhdl":8:7:8:17|Synthesizing work.sec0101me00.sec0101me0.
@N: CD233 :"C:\Users\RODRIGO\Desktop\2017-1\Arquitectura\Proyectos\pendientes\mult4bit00\sec0101me00.vhdl":16:13:16:14|Using sequential encoding for type estados
@W: CD434 :"C:\Users\RODRIGO\Desktop\2017-1\Arquitectura\Proyectos\pendientes\mult4bit00\sec0101me00.vhdl":38:18:38:23|Signal clksec in the sensitivity list is not used in the process
@W: CG296 :"C:\Users\RODRIGO\Desktop\2017-1\Arquitectura\Proyectos\pendientes\mult4bit00\sec0101me00.vhdl":38:10:38:16|Incomplete sensitivity list - assuming completeness
@W: CG290 :"C:\Users\RODRIGO\Desktop\2017-1\Arquitectura\Proyectos\pendientes\mult4bit00\sec0101me00.vhdl":45:12:45:17|Referenced variable inxsec is not in sensitivity list
@W: CG290 :"C:\Users\RODRIGO\Desktop\2017-1\Arquitectura\Proyectos\pendientes\mult4bit00\sec0101me00.vhdl":40:9:40:16|Referenced variable resetsec is not in sensitivity list
Post processing for work.sec0101me00.sec0101me0
@W: CL117 :"C:\Users\RODRIGO\Desktop\2017-1\Arquitectura\Proyectos\pendientes\mult4bit00\sec0101me00.vhdl":40:4:40:7|Latch generated from process for signal E_sig(1 downto 0); possible missing assignment in an if or case statement.
@N: CD630 :"C:\Users\RODRIGO\Desktop\2017-1\Arquitectura\Proyectos\pendientes\mult4bit00\rps00.vhdl":8:7:8:11|Synthesizing work.rps00.rps0.
Post processing for work.rps00.rps0
@N: CD630 :"C:\Users\RODRIGO\Desktop\2017-1\Arquitectura\Proyectos\pendientes\mult4bit00\toposc00.vhdl":9:7:9:14|Synthesizing work.toposc00.toposc0.
@N: CD630 :"C:\Users\RODRIGO\Desktop\2017-1\Arquitectura\Proyectos\pendientes\mult4bit00\div00.vhdl":10:7:10:11|Synthesizing work.div00.div0.
Post processing for work.div00.div0
@N: CD630 :"C:\Users\RODRIGO\Desktop\2017-1\Arquitectura\Proyectos\pendientes\mult4bit00\osc00.vhdl":8:7:8:11|Synthesizing work.osc00.osc0.
@W: CD276 :"C:\lscc\diamond\3.8_x64\cae_library\synthesis\vhdl\machxo2.vhd":2297:8:2297:15|Map for port sedstdby of component osch not found
@N: CD630 :"C:\lscc\diamond\3.8_x64\cae_library\synthesis\vhdl\machxo2.vhd":2291:10:2291:13|Synthesizing work.osch.syn_black_box.
Post processing for work.osch.syn_black_box
Post processing for work.osc00.osc0
Post processing for work.toposc00.toposc0
Post processing for work.topsec0101me00.topsec0101me0

At c_vhdl Exit (Real Time elapsed 0h:00m:00s; CPU Time elapsed 0h:00m:00s; Memory used current: 77MB peak: 79MB)

Process took 0h:00m:01s realtime, 0h:00m:01s cputime

Process completed successfully.
# Tue Mar 07 10:19:40 2017

###########################################################]
Synopsys Netlist Linker, version comp2016q2rc, Build 192R, built Jul  5 2016
@N|Running in 64-bit mode
File C:\Users\RODRIGO\Desktop\2017-1\Arquitectura\Proyectos\pendientes\mult4bit00\Mealy\synwork\layer0.srs changed - recompiling

At syn_nfilter Exit (Real Time elapsed 0h:00m:00s; CPU Time elapsed 0h:00m:00s; Memory used current: 67MB peak: 68MB)

Process took 0h:00m:01s realtime, 0h:00m:01s cputime

Process completed successfully.
# Tue Mar 07 10:19:41 2017

###########################################################]
@END

At c_hdl Exit (Real Time elapsed 0h:00m:02s; CPU Time elapsed 0h:00m:01s; Memory used current: 3MB peak: 4MB)

Process took 0h:00m:02s realtime, 0h:00m:01s cputime

Process completed successfully.
# Tue Mar 07 10:19:41 2017

###########################################################]
Synopsys Netlist Linker, version comp2016q2rc, Build 192R, built Jul  5 2016
@N|Running in 64-bit mode
File C:\Users\RODRIGO\Desktop\2017-1\Arquitectura\Proyectos\pendientes\mult4bit00\Mealy\synwork\Mealy_Mealy_comp.srs changed - recompiling

At syn_nfilter Exit (Real Time elapsed 0h:00m:00s; CPU Time elapsed 0h:00m:00s; Memory used current: 67MB peak: 68MB)

Process took 0h:00m:01s realtime, 0h:00m:01s cputime

Process completed successfully.
# Tue Mar 07 10:19:42 2017

###########################################################]
Pre-mapping Report

Synopsys Lattice Technology Pre-mapping, Version maplat, Build 1498R, Built Jul  5 2016 10:30:31
Copyright (C) 1994-2016 Synopsys, Inc. All rights reserved. This Synopsys software and all associated documentation are proprietary to Synopsys, Inc. and may only be used pursuant to the terms and conditions of a written license agreement with Synopsys, Inc. All other use, reproduction, modification, or distribution of the Synopsys software or the associated documentation is strictly prohibited.
Product Version L-2016.03L-1

Mapper Startup Complete (Real Time elapsed 0h:00m:00s; CPU Time elapsed 0h:00m:00s; Memory used current: 99MB peak: 100MB)

@A: MF827 |No constraint file specified.
@L: C:\Users\RODRIGO\Desktop\2017-1\Arquitectura\Proyectos\pendientes\mult4bit00\Mealy\Mealy_Mealy_scck.rpt 
Printing clock  summary report in "C:\Users\RODRIGO\Desktop\2017-1\Arquitectura\Proyectos\pendientes\mult4bit00\Mealy\Mealy_Mealy_scck.rpt" file 
@N: MF248 |Running in 64-bit mode.
@N: MF666 |Clock conversion enabled. (Command "set_option -fix_gated_and_generated_clocks 1" in the project file.)

Design Input Complete (Real Time elapsed 0h:00m:00s; CPU Time elapsed 0h:00m:00s; Memory used current: 100MB peak: 102MB)


Mapper Initialization Complete (Real Time elapsed 0h:00m:00s; CPU Time elapsed 0h:00m:00s; Memory used current: 100MB peak: 102MB)


Start loading timing files (Real Time elapsed 0h:00m:00s; CPU Time elapsed 0h:00m:00s; Memory used current: 112MB peak: 113MB)


Finished loading timing files (Real Time elapsed 0h:00m:00s; CPU Time elapsed 0h:00m:00s; Memory used current: 112MB peak: 115MB)

@W: FX474 |User-specified initial value defined for some sequential elements which can prevent optimum synthesis results from being achieved. 
ICG Latch Removal Summary:
Number of ICG latches removed:	0
Number of ICG latches not removed:	0
syn_allowed_resources : blockrams=26  set on top level netlist topsec0101me00

Finished netlist restructuring (Real Time elapsed 0h:00m:01s; CPU Time elapsed 0h:00m:00s; Memory used current: 140MB peak: 142MB)



Clock Summary
*****************

Start                            Requested     Requested     Clock                                           Clock                   Clock
Clock                            Frequency     Period        Type                                            Group                   Load 
------------------------------------------------------------------------------------------------------------------------------------------
div00|outdiv_derived_clock       2.1 MHz       480.769       derived (from osc00|osc_int_inferred_clock)     Inferred_clkgroup_1     12   
osc00|osc_int_inferred_clock     2.1 MHz       480.769       inferred                                        Inferred_clkgroup_1     22   
topsec0101me00|reset0            1.0 MHz       1000.000      inferred                                        Inferred_clkgroup_0     6    
==========================================================================================================================================

@W: MT529 :"c:\users\rodrigo\desktop\2017-1\arquitectura\proyectos\pendientes\mult4bit00\rps00.vhdl":21:6:21:7|Found inferred clock topsec0101me00|reset0 which controls 6 sequential elements including U02.outs. This clock has no specified timing constraint which may prevent conversion of gated or generated clocks and may adversely impact design performance. 
@W: MT529 :"c:\users\rodrigo\desktop\2017-1\arquitectura\proyectos\pendientes\mult4bit00\div00.vhdl":22:2:22:3|Found inferred clock osc00|osc_int_inferred_clock which controls 22 sequential elements including U01.OS01.sdiv[20:0]. This clock has no specified timing constraint which may prevent conversion of gated or generated clocks and may adversely impact design performance. 

Finished Pre Mapping Phase.

Starting constraint checker (Real Time elapsed 0h:00m:01s; CPU Time elapsed 0h:00m:01s; Memory used current: 140MB peak: 142MB)

None
None

Finished constraint checker (Real Time elapsed 0h:00m:01s; CPU Time elapsed 0h:00m:01s; Memory used current: 140MB peak: 142MB)

Pre-mapping successful!

At Mapper Exit (Real Time elapsed 0h:00m:02s; CPU Time elapsed 0h:00m:01s; Memory used current: 56MB peak: 142MB)

Process took 0h:00m:02s realtime, 0h:00m:01s cputime
# Tue Mar 07 10:19:45 2017

###########################################################]
Map & Optimize Report

Synopsys Lattice Technology Mapper, Version maplat, Build 1498R, Built Jul  5 2016 10:30:31
Copyright (C) 1994-2016 Synopsys, Inc. All rights reserved. This Synopsys software and all associated documentation are proprietary to Synopsys, Inc. and may only be used pursuant to the terms and conditions of a written license agreement with Synopsys, Inc. All other use, reproduction, modification, or distribution of the Synopsys software or the associated documentation is strictly prohibited.
Product Version L-2016.03L-1

Mapper Startup Complete (Real Time elapsed 0h:00m:00s; CPU Time elapsed 0h:00m:00s; Memory used current: 99MB peak: 100MB)

@N: MF248 |Running in 64-bit mode.
@N: MF666 |Clock conversion enabled. (Command "set_option -fix_gated_and_generated_clocks 1" in the project file.)

Design Input Complete (Real Time elapsed 0h:00m:00s; CPU Time elapsed 0h:00m:00s; Memory used current: 99MB peak: 101MB)


Mapper Initialization Complete (Real Time elapsed 0h:00m:00s; CPU Time elapsed 0h:00m:00s; Memory used current: 99MB peak: 101MB)


Start loading timing files (Real Time elapsed 0h:00m:00s; CPU Time elapsed 0h:00m:00s; Memory used current: 111MB peak: 112MB)


Finished loading timing files (Real Time elapsed 0h:00m:00s; CPU Time elapsed 0h:00m:00s; Memory used current: 111MB peak: 114MB)



Starting Optimization and Mapping (Real Time elapsed 0h:00m:00s; CPU Time elapsed 0h:00m:00s; Memory used current: 139MB peak: 141MB)


Available hyper_sources - for debug and ip models
	None Found


Finished RTL optimizations (Real Time elapsed 0h:00m:00s; CPU Time elapsed 0h:00m:00s; Memory used current: 139MB peak: 141MB)


Starting factoring (Real Time elapsed 0h:00m:01s; CPU Time elapsed 0h:00m:00s; Memory used current: 139MB peak: 141MB)


Finished factoring (Real Time elapsed 0h:00m:01s; CPU Time elapsed 0h:00m:00s; Memory used current: 140MB peak: 141MB)


Finished gated-clock and generated-clock conversion (Real Time elapsed 0h:00m:01s; CPU Time elapsed 0h:00m:00s; Memory used current: 140MB peak: 141MB)


Finished generic timing optimizations - Pass 1 (Real Time elapsed 0h:00m:01s; CPU Time elapsed 0h:00m:00s; Memory used current: 141MB peak: 141MB)


Starting Early Timing Optimization (Real Time elapsed 0h:00m:01s; CPU Time elapsed 0h:00m:00s; Memory used current: 141MB peak: 142MB)


Finished Early Timing Optimization (Real Time elapsed 0h:00m:01s; CPU Time elapsed 0h:00m:00s; Memory used current: 141MB peak: 142MB)


Finished generic timing optimizations - Pass 2 (Real Time elapsed 0h:00m:01s; CPU Time elapsed 0h:00m:00s; Memory used current: 141MB peak: 142MB)


Finished preparing to map (Real Time elapsed 0h:00m:01s; CPU Time elapsed 0h:00m:01s; Memory used current: 141MB peak: 142MB)


Finished technology mapping (Real Time elapsed 0h:00m:01s; CPU Time elapsed 0h:00m:01s; Memory used current: 142MB peak: 143MB)

Pass		 CPU time		Worst Slack		Luts / Registers
------------------------------------------------------------
   1		0h:00m:01s		   470.38ns		  41 /        34

Finished technology timing optimizations and critical path resynthesis (Real Time elapsed 0h:00m:01s; CPU Time elapsed 0h:00m:01s; Memory used current: 142MB peak: 143MB)

@N: FX164 |The option to pack registers in the IOB has not been specified. Please set syn_useioff attribute.  
@A: BN291 :"c:\users\rodrigo\desktop\2017-1\arquitectura\proyectos\pendientes\mult4bit00\sec0101me00.vhdl":22:6:22:7|Boundary register U03.E_act_1_.fb (in view: work.topsec0101me00(topsec0101me0)) is packed into a complex cell. To disable register packing, set syn_keep=1 on the net between the register and the complex cell. 
@A: BN291 :"c:\users\rodrigo\desktop\2017-1\arquitectura\proyectos\pendientes\mult4bit00\sec0101me00.vhdl":22:6:22:7|Boundary register U03.E_act_0_.fb (in view: work.topsec0101me00(topsec0101me0)) is packed into a complex cell. To disable register packing, set syn_keep=1 on the net between the register and the complex cell. 

Finished restoring hierarchy (Real Time elapsed 0h:00m:01s; CPU Time elapsed 0h:00m:01s; Memory used current: 142MB peak: 143MB)

@N: MT611 :|Automatically generated clock div00|outdiv_derived_clock is not used and is being removed


@S |Clock Optimization Summary


#### START OF CLOCK OPTIMIZATION REPORT #####[

1 non-gated/non-generated clock tree(s) driving 2 clock pin(s) of sequential element(s)
1 gated/generated clock tree(s) driving 34 clock pin(s) of sequential element(s)
0 instances converted, 34 sequential instances remain driven by gated/generated clocks

=========================== Non-Gated/Non-Generated Clocks ============================
Clock Tree ID     Driving Element     Drive Element Type     Fanout     Sample Instance
---------------------------------------------------------------------------------------
@K:CKID0002       reset0              port                   2          U03.E_sig[1]   
=======================================================================================
================================================================================================== Gated/Generated Clocks ==================================================================================================
Clock Tree ID     Driving Element       Drive Element Type     Fanout     Sample Instance     Explanation                                                                                                                   
----------------------------------------------------------------------------------------------------------------------------------------------------------------------------------------------------------------------------
@K:CKID0001       U01.OS00.OSCInst0     OSCH                   34         U02.sinpar[7]       Gating structure creates improper gating logic. See the Gated Clocks description in the user guide for conversion requirements
============================================================================================================================================================================================================================


##### END OF CLOCK OPTIMIZATION REPORT ######]


Start Writing Netlists (Real Time elapsed 0h:00m:02s; CPU Time elapsed 0h:00m:01s; Memory used current: 109MB peak: 143MB)

Writing Analyst data base C:\Users\RODRIGO\Desktop\2017-1\Arquitectura\Proyectos\pendientes\mult4bit00\Mealy\synwork\Mealy_Mealy_m.srm

Finished Writing Netlist Databases (Real Time elapsed 0h:00m:02s; CPU Time elapsed 0h:00m:02s; Memory used current: 140MB peak: 143MB)

Writing EDIF Netlist and constraint files
@N: FX1056 |Writing EDF file: C:\Users\RODRIGO\Desktop\2017-1\Arquitectura\Proyectos\pendientes\mult4bit00\Mealy\Mealy_Mealy.edi
L-2016.03L-1
@N: BW106 |Synplicity Constraint File capacitance units using default value of 1pF 

Finished Writing EDIF Netlist and constraint files (Real Time elapsed 0h:00m:03s; CPU Time elapsed 0h:00m:02s; Memory used current: 144MB peak: 146MB)


Start final timing analysis (Real Time elapsed 0h:00m:03s; CPU Time elapsed 0h:00m:03s; Memory used current: 145MB peak: 146MB)

@W: MT420 |Found inferred clock topsec0101me00|reset0 with period 1000.00ns. Please declare a user-defined clock on object "p:reset0"
@W: MT420 |Found inferred clock osc00|osc_int_inferred_clock with period 480.77ns. Please declare a user-defined clock on object "n:U01.OS00.osc_int"


##### START OF TIMING REPORT #####[
# Timing Report written on Tue Mar 07 10:19:50 2017
#


Top view:               topsec0101me00
Requested Frequency:    1.0 MHz
Wire load mode:         top
Paths requested:        5
Constraint File(s):    
@N: MT320 |Timing report estimates place and route data. Please look at the place and route timing report for final timing.

@N: MT322 |Clock constraints cover only FF-to-FF paths associated with the clock.



Performance Summary
*******************


Worst slack in design: 467.837

                                 Requested     Estimated     Requested     Estimated                 Clock        Clock              
Starting Clock                   Frequency     Frequency     Period        Period        Slack       Type         Group              
-------------------------------------------------------------------------------------------------------------------------------------
osc00|osc_int_inferred_clock     2.1 MHz       77.3 MHz      480.769       12.932        467.837     inferred     Inferred_clkgroup_1
topsec0101me00|reset0            1.0 MHz       NA            1000.000      NA            NA          inferred     Inferred_clkgroup_0
=====================================================================================================================================
@N: MT582 |Estimated period and frequency not reported for given clock unless the clock has at least one timing path which is not a false or a max delay path and that does not have excessive slack





Clock Relationships
*******************

Clocks                                                      |    rise  to  rise   |    fall  to  fall     |    rise  to  fall   |    fall  to  rise 
----------------------------------------------------------------------------------------------------------------------------------------------------
Starting                      Ending                        |  constraint  slack  |  constraint  slack    |  constraint  slack  |  constraint  slack
----------------------------------------------------------------------------------------------------------------------------------------------------
topsec0101me00|reset0         osc00|osc_int_inferred_clock  |  No paths    -      |  No paths    -        |  Diff grp    -      |  No paths    -    
osc00|osc_int_inferred_clock  topsec0101me00|reset0         |  No paths    -      |  No paths    -        |  No paths    -      |  Diff grp    -    
osc00|osc_int_inferred_clock  osc00|osc_int_inferred_clock  |  No paths    -      |  480.769     467.837  |  No paths    -      |  No paths    -    
====================================================================================================================================================
 Note: 'No paths' indicates there are no paths in the design for that pair of clock edges.
       'Diff grp' indicates that paths exist but the starting clock and ending clock are in different clock groups.



Interface Information 
*********************

No IO constraint found



====================================
Detailed Report for Clock: osc00|osc_int_inferred_clock
====================================



Starting Points with Worst Slack
********************************

                      Starting                                                          Arrival            
Instance              Reference                        Type        Pin     Net          Time        Slack  
                      Clock                                                                                
-----------------------------------------------------------------------------------------------------------
U01.OS01.sdiv[5]      osc00|osc_int_inferred_clock     FD1S3IX     Q       sdiv[5]      1.044       467.837
U01.OS01.sdiv[6]      osc00|osc_int_inferred_clock     FD1S3IX     Q       sdiv[6]      1.044       467.837
U01.OS01.sdiv[14]     osc00|osc_int_inferred_clock     FD1S3IX     Q       sdiv[14]     1.108       468.790
U01.OS01.sdiv[0]      osc00|osc_int_inferred_clock     FD1S3IX     Q       sdiv[0]      1.044       468.854
U01.OS01.sdiv[1]      osc00|osc_int_inferred_clock     FD1S3IX     Q       sdiv[1]      1.044       468.854
U01.OS01.sdiv[2]      osc00|osc_int_inferred_clock     FD1S3IX     Q       sdiv[2]      1.044       468.854
U01.OS01.sdiv[3]      osc00|osc_int_inferred_clock     FD1S3IX     Q       sdiv[3]      1.044       468.854
U01.OS01.sdiv[4]      osc00|osc_int_inferred_clock     FD1S3IX     Q       sdiv[4]      1.044       468.854
U01.OS01.sdiv[7]      osc00|osc_int_inferred_clock     FD1S3IX     Q       sdiv[7]      1.044       468.854
U01.OS01.sdiv[8]      osc00|osc_int_inferred_clock     FD1S3IX     Q       sdiv[8]      1.044       468.854
===========================================================================================================


Ending Points with Worst Slack
******************************

                      Starting                                                                Required            
Instance              Reference                        Type        Pin     Net                Time         Slack  
                      Clock                                                                                       
------------------------------------------------------------------------------------------------------------------
U01.OS01.sdiv[19]     osc00|osc_int_inferred_clock     FD1S3IX     D       un1_sdiv_1[20]     480.664      467.837
U01.OS01.sdiv[20]     osc00|osc_int_inferred_clock     FD1S3IX     D       un1_sdiv_1[21]     480.664      467.837
U01.OS01.sdiv[17]     osc00|osc_int_inferred_clock     FD1S3IX     D       un1_sdiv_1[18]     480.664      467.980
U01.OS01.sdiv[18]     osc00|osc_int_inferred_clock     FD1S3IX     D       un1_sdiv_1[19]     480.664      467.980
U01.OS01.sdiv[15]     osc00|osc_int_inferred_clock     FD1S3IX     D       un1_sdiv_1[16]     480.664      468.123
U01.OS01.sdiv[16]     osc00|osc_int_inferred_clock     FD1S3IX     D       un1_sdiv_1[17]     480.664      468.123
U01.OS01.sdiv[13]     osc00|osc_int_inferred_clock     FD1S3IX     D       un1_sdiv_1[14]     480.664      468.266
U01.OS01.sdiv[14]     osc00|osc_int_inferred_clock     FD1S3IX     D       un1_sdiv_1[15]     480.664      468.266
U01.OS01.sdiv[11]     osc00|osc_int_inferred_clock     FD1S3IX     D       un1_sdiv_1[12]     480.664      468.409
U01.OS01.sdiv[12]     osc00|osc_int_inferred_clock     FD1S3IX     D       un1_sdiv_1[13]     480.664      468.409
==================================================================================================================



Worst Path Information
***********************


Path information for path number 1: 
      Requested Period:                      480.769
    - Setup time:                            0.106
    + Clock delay at ending point:           0.000 (ideal)
    = Required time:                         480.664

    - Propagation time:                      12.826
    - Clock delay at starting point:         0.000 (ideal)
    = Slack (critical) :                     467.837

    Number of logic level(s):                19
    Starting point:                          U01.OS01.sdiv[5] / Q
    Ending point:                            U01.OS01.sdiv[20] / D
    The start point is clocked by            osc00|osc_int_inferred_clock [falling] on pin CK
    The end   point is clocked by            osc00|osc_int_inferred_clock [falling] on pin CK

Instance / Net                                     Pin      Pin               Arrival     No. of    
Name                                  Type         Name     Dir     Delay     Time        Fan Out(s)
----------------------------------------------------------------------------------------------------
U01.OS01.sdiv[5]                      FD1S3IX      Q        Out     1.044     1.044       -         
sdiv[5]                               Net          -        -       -         -           2         
U01.OS01.sdiv_RNIHK3O[5]              ORCALUT4     A        In      0.000     1.044       -         
U01.OS01.sdiv_RNIHK3O[5]              ORCALUT4     Z        Out     1.017     2.061       -         
m15_e_0                               Net          -        -       -         -           1         
U01.OS01.sdiv_RNI23TT1[1]             ORCALUT4     A        In      0.000     2.061       -         
U01.OS01.sdiv_RNI23TT1[1]             ORCALUT4     Z        Out     1.017     3.077       -         
m15_e_9                               Net          -        -       -         -           1         
U01.OS01.sdiv_RNI2S9F5[12]            ORCALUT4     C        In      0.000     3.077       -         
U01.OS01.sdiv_RNI2S9F5[12]            ORCALUT4     Z        Out     1.017     4.094       -         
N_48                                  Net          -        -       -         -           1         
U01.OS01.sdiv_RNILLNU7[13]            ORCALUT4     B        In      0.000     4.094       -         
U01.OS01.sdiv_RNILLNU7[13]            ORCALUT4     Z        Out     1.017     5.111       -         
N_49_mux                              Net          -        -       -         -           1         
U01.OS01.sdiv_RNI6R3Q8[15]            ORCALUT4     A        In      0.000     5.111       -         
U01.OS01.sdiv_RNI6R3Q8[15]            ORCALUT4     Z        Out     1.089     6.200       -         
N_50_mux                              Net          -        -       -         -           2         
U01.OS01.un1_sdiv_1_cry_0_0_RNO_2     ORCALUT4     B        In      0.000     6.200       -         
U01.OS01.un1_sdiv_1_cry_0_0_RNO_2     ORCALUT4     Z        Out     1.017     7.217       -         
N_21_0                                Net          -        -       -         -           1         
U01.OS01.un1_sdiv_1_cry_0_0_RNO_0     ORCALUT4     A        In      0.000     7.217       -         
U01.OS01.un1_sdiv_1_cry_0_0_RNO_0     ORCALUT4     Z        Out     1.017     8.233       -         
un1_sdiv_1_cry_0_0_RNO_0              Net          -        -       -         -           1         
U01.OS01.un1_sdiv_1_cry_0_0_RNO       PFUMX        ALUT     In      0.000     8.233       -         
U01.OS01.un1_sdiv_1_cry_0_0_RNO       PFUMX        Z        Out     0.214     8.448       -         
un1_outdiv37_i_0                      Net          -        -       -         -           1         
U01.OS01.un1_sdiv_1_cry_0_0           CCU2D        B0       In      0.000     8.448       -         
U01.OS01.un1_sdiv_1_cry_0_0           CCU2D        COUT     Out     1.545     9.992       -         
un1_sdiv_1_cry_0                      Net          -        -       -         -           1         
U01.OS01.un1_sdiv_1_cry_1_0           CCU2D        CIN      In      0.000     9.992       -         
U01.OS01.un1_sdiv_1_cry_1_0           CCU2D        COUT     Out     0.143     10.135      -         
un1_sdiv_1_cry_2                      Net          -        -       -         -           1         
U01.OS01.un1_sdiv_1_cry_3_0           CCU2D        CIN      In      0.000     10.135      -         
U01.OS01.un1_sdiv_1_cry_3_0           CCU2D        COUT     Out     0.143     10.278      -         
un1_sdiv_1_cry_4                      Net          -        -       -         -           1         
U01.OS01.un1_sdiv_1_cry_5_0           CCU2D        CIN      In      0.000     10.278      -         
U01.OS01.un1_sdiv_1_cry_5_0           CCU2D        COUT     Out     0.143     10.421      -         
un1_sdiv_1_cry_6                      Net          -        -       -         -           1         
U01.OS01.un1_sdiv_1_cry_7_0           CCU2D        CIN      In      0.000     10.421      -         
U01.OS01.un1_sdiv_1_cry_7_0           CCU2D        COUT     Out     0.143     10.563      -         
un1_sdiv_1_cry_8                      Net          -        -       -         -           1         
U01.OS01.un1_sdiv_1_cry_9_0           CCU2D        CIN      In      0.000     10.563      -         
U01.OS01.un1_sdiv_1_cry_9_0           CCU2D        COUT     Out     0.143     10.706      -         
un1_sdiv_1_cry_10                     Net          -        -       -         -           1         
U01.OS01.un1_sdiv_1_cry_11_0          CCU2D        CIN      In      0.000     10.706      -         
U01.OS01.un1_sdiv_1_cry_11_0          CCU2D        COUT     Out     0.143     10.849      -         
un1_sdiv_1_cry_12                     Net          -        -       -         -           1         
U01.OS01.un1_sdiv_1_cry_13_0          CCU2D        CIN      In      0.000     10.849      -         
U01.OS01.un1_sdiv_1_cry_13_0          CCU2D        COUT     Out     0.143     10.992      -         
un1_sdiv_1_cry_14                     Net          -        -       -         -           1         
U01.OS01.un1_sdiv_1_cry_15_0          CCU2D        CIN      In      0.000     10.992      -         
U01.OS01.un1_sdiv_1_cry_15_0          CCU2D        COUT     Out     0.143     11.134      -         
un1_sdiv_1_cry_16                     Net          -        -       -         -           1         
U01.OS01.un1_sdiv_1_cry_17_0          CCU2D        CIN      In      0.000     11.134      -         
U01.OS01.un1_sdiv_1_cry_17_0          CCU2D        COUT     Out     0.143     11.277      -         
un1_sdiv_1_cry_18                     Net          -        -       -         -           1         
U01.OS01.un1_sdiv_1_cry_19_0          CCU2D        CIN      In      0.000     11.277      -         
U01.OS01.un1_sdiv_1_cry_19_0          CCU2D        S1       Out     1.549     12.826      -         
un1_sdiv_1[21]                        Net          -        -       -         -           1         
U01.OS01.sdiv[20]                     FD1S3IX      D        In      0.000     12.826      -         
====================================================================================================



##### END OF TIMING REPORT #####]

Constraints that could not be applied
None

Finished final timing analysis (Real Time elapsed 0h:00m:04s; CPU Time elapsed 0h:00m:03s; Memory used current: 145MB peak: 146MB)


Finished timing report (Real Time elapsed 0h:00m:04s; CPU Time elapsed 0h:00m:03s; Memory used current: 145MB peak: 146MB)

---------------------------------------
Resource Usage Report
Part: lcmxo2_7000he-4

Register bits: 34 of 6864 (0%)
Latch bits:      2
PIC Latch:       0
I/O cells:       17


Details:
CCU2D:          11
FD1P3AX:        8
FD1P3IX:        2
FD1S1AY:        2
FD1S3AX:        1
FD1S3IX:        21
GSR:            1
IB:             14
IFS1P3DX:       1
INV:            2
OB:             3
OFS1P3DX:       1
ORCALUT4:       39
OSCH:           1
PFUMX:          3
PUR:            1
VHI:            4
VLO:            5
false:          1
true:           2
Mapper successful!

At Mapper Exit (Real Time elapsed 0h:00m:04s; CPU Time elapsed 0h:00m:03s; Memory used current: 32MB peak: 146MB)

Process took 0h:00m:04s realtime, 0h:00m:03s cputime
# Tue Mar 07 10:19:50 2017

###########################################################]


Synthesis exit by 0.

edif2ngd  -l "MachXO2" -d LCMXO2-7000HE -path "C:/Users/RODRIGO/Desktop/2017-1/Arquitectura/Proyectos/pendientes/mult4bit00/Mealy" -path "C:/Users/RODRIGO/Desktop/2017-1/Arquitectura/Proyectos/pendientes/mult4bit00"   "C:/Users/RODRIGO/Desktop/2017-1/Arquitectura/Proyectos/pendientes/mult4bit00/Mealy/Mealy_Mealy.edi" "Mealy_Mealy.ngo"   
edif2ngd:  version Diamond (64-bit) 3.8.0.115.3

Copyright (c) 1991-1994 by NeoCAD Inc. All rights reserved.
Copyright (c) 1995 AT&T Corp.   All rights reserved.
Copyright (c) 1995-2001 Lucent Technologies Inc.  All rights reserved.
Copyright (c) 2001 Agere Systems   All rights reserved.
Copyright (c) 2002-2016 Lattice Semiconductor Corporation,  All rights reserved.
Writing the design to Mealy_Mealy.ngo...

Total CPU Time: 0 secs  

Total REAL Time: 0 secs  


ngdbuild  -a "MachXO2" -d LCMXO2-7000HE  -p "C:/lscc/diamond/3.8_x64/ispfpga/xo2c00/data"  -p "C:/Users/RODRIGO/Desktop/2017-1/Arquitectura/Proyectos/pendientes/mult4bit00/Mealy" -p "C:/Users/RODRIGO/Desktop/2017-1/Arquitectura/Proyectos/pendientes/mult4bit00"  "Mealy_Mealy.ngo" "Mealy_Mealy.ngd"  	
ngdbuild:  version Diamond (64-bit) 3.8.0.115.3

Copyright (c) 1991-1994 by NeoCAD Inc. All rights reserved.
Copyright (c) 1995 AT&T Corp.   All rights reserved.
Copyright (c) 1995-2001 Lucent Technologies Inc.  All rights reserved.
Copyright (c) 2001 Agere Systems   All rights reserved.
Copyright (c) 2002-2016 Lattice Semiconductor Corporation,  All rights reserved.
Reading 'Mealy_Mealy.ngo' ...
Loading NGL library 'C:/lscc/diamond/3.8_x64/ispfpga/xo2c00a/data/xo2alib.ngl'...
Loading NGL library 'C:/lscc/diamond/3.8_x64/ispfpga/xo2c00/data/xo2clib.ngl'...
Loading NGL library 'C:/lscc/diamond/3.8_x64/ispfpga/mg5g00/data/mg5glib.ngl'...
Loading NGL library 'C:/lscc/diamond/3.8_x64/ispfpga/or5g00/data/orc5glib.ngl'...


Running DRC...

    <postMsg mid="1166052" type="Warning" dynamic="2" navigation="1" arg0="logical" arg1="U01/OS01/un1_sdiv_1_cry_19_0_COUT" arg2="U01/OS01/un1_sdiv_1_cry_19_0_COUT"  />
    <postMsg mid="1166052" type="Warning" dynamic="2" navigation="1" arg0="logical" arg1="U01/OS01/un1_sdiv_1_cry_0_0_S0" arg2="U01/OS01/un1_sdiv_1_cry_0_0_S0"  />
    <postMsg mid="1166052" type="Warning" dynamic="2" navigation="1" arg0="logical" arg1="U01/OS00/OSCInst0_SEDSTDBY" arg2="U01/OS00/OSCInst0_SEDSTDBY"  />
    <postMsg mid="1163101" type="Warning" dynamic="1" navigation="0" arg0="3"  />

Design Results:
    119 blocks expanded
Complete the first expansion.
Writing 'Mealy_Mealy.ngd' ...
Total CPU Time: 0 secs  

Total REAL Time: 0 secs  


map -a "MachXO2" -p LCMXO2-7000HE -t TQFP144 -s 4 -oc Commercial   "Mealy_Mealy.ngd" -o "Mealy_Mealy_map.ncd" -pr "Mealy_Mealy.prf" -mp "Mealy_Mealy.mrp" -lpf "C:/Users/RODRIGO/Desktop/2017-1/Arquitectura/Proyectos/pendientes/mult4bit00/Mealy/Mealy_Mealy_synplify.lpf" -lpf "C:/Users/RODRIGO/Desktop/2017-1/Arquitectura/Proyectos/pendientes/mult4bit00/Mealy.lpf" -c 0            
map:  version Diamond (64-bit) 3.8.0.115.3

Copyright (c) 1991-1994 by NeoCAD Inc. All rights reserved.
Copyright (c) 1995 AT&T Corp.   All rights reserved.
Copyright (c) 1995-2001 Lucent Technologies Inc.  All rights reserved.
Copyright (c) 2001 Agere Systems   All rights reserved.
Copyright (c) 2002-2016 Lattice Semiconductor Corporation,  All rights reserved.
   Process the file: Mealy_Mealy.ngd
   Picdevice="LCMXO2-7000HE"

   Pictype="TQFP144"

   Picspeed=4

   Remove unused logic

   Do not produce over sized NCDs.

Part used: LCMXO2-7000HETQFP144, Performance used: 4.

Loading device for application map from file 'xo2c7000.nph' in environment: C:/lscc/diamond/3.8_x64/ispfpga.
Package Status:                     Final          Version 1.39.

Running general design DRC...

Removing unused logic...

Optimizing...




Design Summary:
   Number of registers:     36 out of  7209 (0%)
      PFU registers:           34 out of  6864 (0%)
      PIO registers:            2 out of   345 (1%)
   Number of SLICEs:        32 out of  3432 (1%)
      SLICEs as Logic/ROM:     32 out of  3432 (1%)
      SLICEs as RAM:            0 out of  2574 (0%)
      SLICEs as Carry:         11 out of  3432 (0%)
   Number of LUT4s:         62 out of  6864 (1%)
      Number used as logic LUTs:         40
      Number used as distributed RAM:     0
      Number used as ripple logic:       22
      Number used as shift registers:     0
   Number of PIO sites used: 17 + 4(JTAG) out of 115 (18%)
   Number of block RAMs:  0 out of 26 (0%)
   Number of GSRs:  0 out of 1 (0%)
   EFB used :       No
   JTAG used :      No
   Readback used :  No
   Oscillator used :  Yes
   Startup used :   No
   POR :            On
   Bandgap :        On
   Number of Power Controller:  0 out of 1 (0%)
   Number of Dynamic Bank Controller (BCINRD):  0 out of 6 (0%)
   Number of Dynamic Bank Controller (BCLVDSO):  0 out of 1 (0%)
   Number of DCCA:  0 out of 8 (0%)
   Number of DCMA:  0 out of 2 (0%)
   Number of PLLs:  0 out of 2 (0%)
   Number of DQSDLLs:  0 out of 2 (0%)
   Number of CLKDIVC:  0 out of 4 (0%)
   Number of ECLKSYNCA:  0 out of 4 (0%)
   Number of ECLKBRIDGECS:  0 out of 2 (0%)
   Notes:-
      1. Total number of LUT4s = (Number of logic LUT4s) + 2*(Number of distributed RAMs) + 2*(Number of ripple logic)
      2. Number of logic LUT4s does not include count of distributed RAM and ripple logic.
   Number of clocks:  2
     Net reset0_c: 1 loads, 1 rising, 0 falling (Driver: PIO reset0 )
     Net U01.soscout0: 20 loads, 0 rising, 20 falling (Driver: U01/OS00/OSCInst0 )
   Number of Clock Enables:  3
     Net outs_cnv: 1 loads, 0 LSLICEs
     Net G_16: 6 loads, 5 LSLICEs
     Net U03/E_act_cnv[0]: 1 loads, 1 LSLICEs
   Number of LSRs:  2
     Net G_18: 1 loads, 1 LSLICEs
     Net U01/OS01/sdiv_RNIIUD5J[20]: 11 loads, 11 LSLICEs
   Number of nets driven by tri-state buffers:  0
   Top 10 highest fanout non-clock nets:
     Net U01/OS01/sdiv_RNIIUD5J[20]: 11 loads
     Net cdiv00_c[1]: 10 loads
     Net cdiv00_c[0]: 8 loads
     Net cdiv00_c[2]: 7 loads
     Net clk0_c: 6 loads
     Net G_16: 6 loads
     Net N_34: 5 loads
     Net U01/OS01/N_7: 5 loads
     Net U01/OS01/sdiv[20]: 5 loads
     Net cdiv00_c[3]: 4 loads
 

   Number of warnings:  0
   Number of errors:    0



Total CPU Time: 1 secs  
Total REAL Time: 0 secs  
Peak Memory Usage: 58 MB

Dumping design to file Mealy_Mealy_map.ncd.

mpartrce -p "Mealy_Mealy.p2t" -f "Mealy_Mealy.p3t" -tf "Mealy_Mealy.pt" "Mealy_Mealy_map.ncd" "Mealy_Mealy.ncd"

---- MParTrce Tool ----
Removing old design directory at request of -rem command line option to this program.
Running par. Please wait . . .

Lattice Place and Route Report for Design "Mealy_Mealy_map.ncd"
Tue Mar 07 10:20:00 2017

PAR: Place And Route Diamond (64-bit) 3.8.0.115.3.
Command Line: par -w -l 5 -i 6 -t 1 -c 0 -e 0 -gui -msgset C:/Users/RODRIGO/Desktop/2017-1/Arquitectura/Proyectos/pendientes/mult4bit00/promote.xml -exp parUseNBR=1:parCDP=0:parCDR=0:parPathBased=OFF Mealy_Mealy_map.ncd Mealy_Mealy.dir/5_1.ncd Mealy_Mealy.prf
Preference file: Mealy_Mealy.prf.
Placement level-cost: 5-1.
Routing Iterations: 6

Loading design for application par from file Mealy_Mealy_map.ncd.
Design name: topsec0101me00
NCD version: 3.3
Vendor:      LATTICE
Device:      LCMXO2-7000HE
Package:     TQFP144
Performance: 4
Loading device for application par from file 'xo2c7000.nph' in environment: C:/lscc/diamond/3.8_x64/ispfpga.
Package Status:                     Final          Version 1.39.
Performance Hardware Data Status:   Final          Version 34.4.
License checked out.


Ignore Preference Error(s):  True
Device utilization summary:

   PIO (prelim)   17+4(JTAG)/336     6% used
                  17+4(JTAG)/115     18% bonded
   IOLOGIC            2/336          <1% used

   SLICE             32/3432         <1% used

   OSC                1/1           100% used


Number of Signals: 119
Number of Connections: 241

Pin Constraint Summary:
   17 out of 17 pins locked (100% locked).

The following 1 signal is selected to use the primary clock routing resources:
    U01.soscout0 (driver: U01/OS00/OSCInst0, clk load #: 20)


The following 1 signal is selected to use the secondary clock routing resources:
    U01/OS01/sdiv_RNIIUD5J[20] (driver: U01/OS01/SLICE_25, clk load #: 0, sr load #: 11, ce load #: 0)

No signal is selected as Global Set/Reset.
Starting Placer Phase 0.

Finished Placer Phase 0.  REAL time: 3 secs 

Starting Placer Phase 1.
...................
Placer score = 22427.
Finished Placer Phase 1.  REAL time: 14 secs 

Starting Placer Phase 2.
.
Placer score =  21974
Finished Placer Phase 2.  REAL time: 14 secs 


------------------ Clock Report ------------------

Global Clock Resources:
  CLK_PIN    : 0 out of 8 (0%)
  PLL        : 0 out of 2 (0%)
  DCM        : 0 out of 2 (0%)
  DCC        : 0 out of 8 (0%)

Quadrants All (TL, TR, BL, BR) - Global Clocks:
  PRIMARY "U01.soscout0" from OSC on comp "U01/OS00/OSCInst0" on site "OSC", clk load = 20
  SECONDARY "U01/OS01/sdiv_RNIIUD5J[20]" from F0 on comp "U01/OS01/SLICE_25" on site "R14C20B", clk load = 0, ce load = 0, sr load = 11

  PRIMARY  : 1 out of 8 (12%)
  SECONDARY: 1 out of 8 (12%)

Edge Clocks:
  No edge clock selected.

--------------- End of Clock Report ---------------


I/O Usage Summary (final):
   17 + 4(JTAG) out of 336 (6.3%) PIO sites used.
   17 + 4(JTAG) out of 115 (18.3%) bonded PIO sites used.
   Number of PIO comps: 17; differential: 0.
   Number of Vref pins used: 0.

I/O Bank Usage Summary:
+----------+----------------+------------+-----------+
| I/O Bank | Usage          | Bank Vccio | Bank Vref |
+----------+----------------+------------+-----------+
| 0        | 1 / 28 (  3%)  | 2.5V       | -         |
| 1        | 0 / 29 (  0%)  | -          | -         |
| 2        | 14 / 29 ( 48%) | 2.5V       | -         |
| 3        | 0 / 9 (  0%)   | -          | -         |
| 4        | 0 / 10 (  0%)  | -          | -         |
| 5        | 2 / 10 ( 20%)  | 2.5V       | -         |
+----------+----------------+------------+-----------+

Total placer CPU time: 13 secs 

Dumping design to file Mealy_Mealy.dir/5_1.ncd.

0 connections routed; 241 unrouted.
Starting router resource preassignment

    <postMsg mid="66011008" type="Warning" dynamic="1" navigation="0" arg0="&#xA;   Signal=reset0_c loads=12 clock_loads=1"  />

Completed router resource preassignment. Real time: 18 secs 

Start NBR router at 10:20:18 03/07/17

*****************************************************************
Info: NBR allows conflicts(one node used by more than one signal)
      in the earlier iterations. In each iteration, it tries to  
      solve the conflicts while keeping the critical connections 
      routed as short as possible. The routing process is said to
      be completed when no conflicts exist and all connections   
      are routed.                                                
Note: NBR uses a different method to calculate timing slacks. The
      worst slack and total negative slack may not be the same as
      that in TRCE report. You should always run TRCE to verify  
      your design.                                               
*****************************************************************

Start NBR special constraint process at 10:20:18 03/07/17

Start NBR section for initial routing at 10:20:18 03/07/17
Level 4, iteration 1
3(0.00%) conflicts; 0(0.00%) untouched conn; 0 (nbr) score; 
Estimated worst slack/total negative slack<setup>: 464.345ns/0.000ns; real time: 19 secs 

Info: Initial congestion level at 75% usage is 0
Info: Initial congestion area  at 75% usage is 0 (0.00%)

Start NBR section for normal routing at 10:20:19 03/07/17
Level 4, iteration 1
0(0.00%) conflict; 0(0.00%) untouched conn; 0 (nbr) score; 
Estimated worst slack/total negative slack<setup>: 464.345ns/0.000ns; real time: 19 secs 

Start NBR section for setup/hold timing optimization with effort level 3 at 10:20:19 03/07/17

Start NBR section for re-routing at 10:20:19 03/07/17
Level 4, iteration 1
0(0.00%) conflict; 0(0.00%) untouched conn; 0 (nbr) score; 
Estimated worst slack/total negative slack<setup>: 464.345ns/0.000ns; real time: 19 secs 

Start NBR section for post-routing at 10:20:19 03/07/17

End NBR router with 0 unrouted connection

NBR Summary
-----------
  Number of unrouted connections : 0 (0.00%)
  Number of connections with timing violations : 0 (0.00%)
  Estimated worst slack<setup> : 464.345ns
  Timing score<setup> : 0
-----------
Notes: The timing info is calculated for SETUP only and all PAR_ADJs are ignored.



    <postMsg mid="66011008" type="Warning" dynamic="1" navigation="0" arg0="&#xA;   Signal=reset0_c loads=12 clock_loads=1"  />

Total CPU time 18 secs 
Total REAL time: 20 secs 
Completely routed.
End of route.  241 routed (100.00%); 0 unrouted.

Hold time timing score: 0, hold timing errors: 0

Timing score: 0 

Dumping design to file Mealy_Mealy.dir/5_1.ncd.


PAR_SUMMARY::Run status = completed
PAR_SUMMARY::Number of unrouted conns = 0
PAR_SUMMARY::Worst  slack<setup/<ns>> = 464.345
PAR_SUMMARY::Timing score<setup/<ns>> = 0.000
PAR_SUMMARY::Worst  slack<hold /<ns>> = 0.379
PAR_SUMMARY::Timing score<hold /<ns>> = 0.000
PAR_SUMMARY::Number of errors = 0

Total CPU  time to completion: 18 secs 
Total REAL time to completion: 20 secs 

par done!

Copyright (c) 1991-1994 by NeoCAD Inc. All rights reserved.
Copyright (c) 1995 AT&T Corp.   All rights reserved.
Copyright (c) 1995-2001 Lucent Technologies Inc.  All rights reserved.
Copyright (c) 2001 Agere Systems   All rights reserved.
Copyright (c) 2002-2016 Lattice Semiconductor Corporation,  All rights reserved.
Exiting par with exit code 0
Exiting mpartrce with exit code 0

bitgen -f "Mealy_Mealy.t2b" -w "Mealy_Mealy.ncd" -jedec "Mealy_Mealy.prf"


BITGEN: Bitstream Generator Diamond (64-bit) 3.8.0.115.3
Copyright (c) 1991-1994 by NeoCAD Inc. All rights reserved.
Copyright (c) 1995 AT&T Corp.   All rights reserved.
Copyright (c) 1995-2001 Lucent Technologies Inc.  All rights reserved.
Copyright (c) 2001 Agere Systems   All rights reserved.
Copyright (c) 2002-2016 Lattice Semiconductor Corporation,  All rights reserved.


Loading design for application Bitgen from file Mealy_Mealy.ncd.
Design name: topsec0101me00
NCD version: 3.3
Vendor:      LATTICE
Device:      LCMXO2-7000HE
Package:     TQFP144
Performance: 4
Loading device for application Bitgen from file 'xo2c7000.nph' in environment: C:/lscc/diamond/3.8_x64/ispfpga.
Package Status:                     Final          Version 1.39.
Performance Hardware Data Status:   Final          Version 34.4.

Running DRC.
DRC detected 0 errors and 0 warnings.
Reading Preference File from Mealy_Mealy.prf.

Preference Summary:
+---------------------------------+---------------------------------+
|  Preference                     |  Current Setting                |
+---------------------------------+---------------------------------+
|                         RamCfg  |                        Reset**  |
+---------------------------------+---------------------------------+
|                     MCCLK_FREQ  |                         2.08**  |
+---------------------------------+---------------------------------+
|                  CONFIG_SECURE  |                          OFF**  |
+---------------------------------+---------------------------------+
|                      JTAG_PORT  |                       ENABLE**  |
+---------------------------------+---------------------------------+
|                       SDM_PORT  |                      DISABLE**  |
+---------------------------------+---------------------------------+
|                 SLAVE_SPI_PORT  |                      DISABLE**  |
+---------------------------------+---------------------------------+
|                MASTER_SPI_PORT  |                      DISABLE**  |
+---------------------------------+---------------------------------+
|                       I2C_PORT  |                      DISABLE**  |
+---------------------------------+---------------------------------+
|        MUX_CONFIGURATION_PORTS  |                      DISABLE**  |
+---------------------------------+---------------------------------+
|                  CONFIGURATION  |                          CFG**  |
+---------------------------------+---------------------------------+
|                COMPRESS_CONFIG  |                           ON**  |
+---------------------------------+---------------------------------+
|                        MY_ASSP  |                          OFF**  |
+---------------------------------+---------------------------------+
|               ONE_TIME_PROGRAM  |                          OFF**  |
+---------------------------------+---------------------------------+
|                 ENABLE_TRANSFR  |                      DISABLE**  |
+---------------------------------+---------------------------------+
|                  SHAREDEBRINIT  |                      DISABLE**  |
+---------------------------------+---------------------------------+
|            BACKGROUND_RECONFIG  |                          OFF**  |
+---------------------------------+---------------------------------+
 *  Default setting.
 ** The specified setting matches the default setting.


Creating bit map...
 
Bitstream Status: Final           Version 1.92.
 
Saving bit stream in "Mealy_Mealy.jed".
 
===========
UFM Summary.
===========
UFM Size:        2046 Pages (128*2046 Bits).
UFM Utilization: General Purpose Flash Memory.
 
Available General Purpose Flash Memory: 2046 Pages (Page 0 to Page 2045).
Initialized UFM Pages:                     0 Page.
 
