# Synopsys Constraint Checker, version maplat, Build 1498R, built Jul  5 2016
# Copyright (C) 1994-2016 Synopsys, Inc. All rights reserved. This Synopsys software and all associated documentation are proprietary to Synopsys, Inc. and may only be used pursuant to the terms and conditions of a written license agreement with Synopsys, Inc. All other use, reproduction, modification, or distribution of the Synopsys software or the associated documentation is strictly prohibited.

# Written on Tue Mar 07 10:19:45 2017


##### DESIGN INFO #######################################################

Top View:                "topsec0101me00"
Constraint File(s):      (none)




##### SUMMARY ############################################################

Found 0 issues in 0 out of 0 constraints


##### DETAILS ############################################################



Clock Relationships
*******************

Starting                         Ending                           |     rise to rise     |     fall to fall     |     rise to fall     |     fall to rise                     
-----------------------------------------------------------------------------------------------------------------------------------------------------------------------------
topsec0101me00|reset0            div00|outdiv_derived_clock       |     No paths         |     No paths         |     No paths         |     Diff grp                         
osc00|osc_int_inferred_clock     osc00|osc_int_inferred_clock     |     No paths         |     480.769          |     No paths         |     No paths                         
div00|outdiv_derived_clock       topsec0101me00|reset0            |     Diff grp         |     No paths         |     No paths         |     No paths                         
div00|outdiv_derived_clock       div00|outdiv_derived_clock       |     480.769          |     No paths         |     No paths         |     No paths                         
=============================================================================================================================================================================
 Note: 'No paths' indicates there are no paths in the design for that pair of clock edges.
       'Diff grp' indicates that paths exist but the starting clock and ending clock are in different clock groups.


Unconstrained Start/End Points
******************************

p:cdiv00[0]
p:cdiv00[1]
p:cdiv00[2]
p:cdiv00[3]
p:inPar0[0]
p:inPar0[1]
p:inPar0[2]
p:inPar0[3]
p:inPar0[4]
p:inPar0[5]
p:inPar0[6]
p:inPar0[7]
p:inXsec0
p:outZ0
p:outs0


Inapplicable constraints
************************

(none)


Applicable constraints with issues
**********************************

(none)


Constraints with matching wildcard expressions
**********************************************

(none)


Library Report
**************


# End of Constraint Checker Report
