Running in Lattice mode


Starting:    C:\lscc\diamond\3.8_x64\synpbase\bin64\mbin\synbatch.exe
Install:     C:\lscc\diamond\3.8_x64\synpbase
Hostname:    RODRIGO-PC
Date:        Tue Mar 07 10:19:37 2017
Version:     L-2016.03L-1

Arguments:   -product synplify_pro -batch Mealy_Mealy_synplify.tcl
ProductType: synplify_pro





Copied C:\Users\RODRIGO\Desktop\2017-1\Arquitectura\Proyectos\pendientes\mult4bit00\Mealy\Mealy_Mealy.srr to C:\Users\RODRIGO\Desktop\2017-1\Arquitectura\Proyectos\pendientes\mult4bit00\Mealy\backup\Mealy_Mealy.srr

log file: "C:\Users\RODRIGO\Desktop\2017-1\Arquitectura\Proyectos\pendientes\mult4bit00\Mealy\Mealy_Mealy.srr"

Running: hdl_info_gen in foreground



Generating HDL info...


hdl_info_gen Completed
Return Code: 0
Run Time:0h:00m:01s

Copied C:\Users\RODRIGO\Desktop\2017-1\Arquitectura\Proyectos\pendientes\mult4bit00\Mealy\Mealy_Mealy.srr to C:\Users\RODRIGO\Desktop\2017-1\Arquitectura\Proyectos\pendientes\mult4bit00\Mealy\Mealy_Mealy.srf

log file: "C:\Users\RODRIGO\Desktop\2017-1\Arquitectura\Proyectos\pendientes\mult4bit00\Mealy\Mealy_Mealy.srr"

Running: Mealy in foreground



Running proj_1|Mealy


Running: compile (Compile) on proj_1|Mealy


Running: compile_flow (Compile Process) on proj_1|Mealy


Running: compiler (Compile Input) on proj_1|Mealy

Copied C:\Users\RODRIGO\Desktop\2017-1\Arquitectura\Proyectos\pendientes\mult4bit00\Mealy\synwork\Mealy_Mealy_comp.srs to C:\Users\RODRIGO\Desktop\2017-1\Arquitectura\Proyectos\pendientes\mult4bit00\Mealy\Mealy_Mealy.srs


compiler Completed
Return Code: 0
Run Time:0h:00m:04s


Running: multi_srs_gen (Multi-srs Generator) on proj_1|Mealy


multi_srs_gen Completed
Return Code: 0
Run Time:0h:00m:00s

Copied C:\Users\RODRIGO\Desktop\2017-1\Arquitectura\Proyectos\pendientes\mult4bit00\Mealy\synwork\Mealy_Mealy_mult.srs to C:\Users\RODRIGO\Desktop\2017-1\Arquitectura\Proyectos\pendientes\mult4bit00\Mealy\Mealy_Mealy.srs

Copied C:\Users\RODRIGO\Desktop\2017-1\Arquitectura\Proyectos\pendientes\mult4bit00\Mealy\Mealy_Mealy.srr to C:\Users\RODRIGO\Desktop\2017-1\Arquitectura\Proyectos\pendientes\mult4bit00\Mealy\Mealy_Mealy.srf

Complete: Compile Process on proj_1|Mealy


Running: premap (Pre-mapping) on proj_1|Mealy


premap Completed with warnings
Return Code: 1
Run Time:0h:00m:03s

Complete: Compile on proj_1|Mealy


Running: map (Map) on proj_1|Mealy

License granted for 4 parallel jobs


Running: fpga_mapper (Map & Optimize) on proj_1|Mealy

Copied C:\Users\RODRIGO\Desktop\2017-1\Arquitectura\Proyectos\pendientes\mult4bit00\Mealy\synwork\Mealy_Mealy_m.srm to C:\Users\RODRIGO\Desktop\2017-1\Arquitectura\Proyectos\pendientes\mult4bit00\Mealy\Mealy_Mealy.srm


fpga_mapper Completed with warnings
Return Code: 1
Run Time:0h:00m:05s

Complete: Map on proj_1|Mealy

Copied C:\Users\RODRIGO\Desktop\2017-1\Arquitectura\Proyectos\pendientes\mult4bit00\Mealy\Mealy_Mealy.srr to C:\Users\RODRIGO\Desktop\2017-1\Arquitectura\Proyectos\pendientes\mult4bit00\Mealy\Mealy_Mealy.srf

Complete: Logic Synthesis on proj_1|Mealy

TCL script complete: "Mealy_Mealy_synplify.tcl"

exit status=0

exit status=0

Save changes for project:
C:\Users\RODRIGO\Desktop\2017-1\Arquitectura\Proyectos\pendientes\mult4bit00\Mealy\proj_1.prj

batch mode default:no

