
        Lattice Mapping Report File for Design Module 'topmult4bit00'


Design Information
------------------

Command line:   map -a MachXO2 -p LCMXO2-7000HE -t TQFP144 -s 4 -oc Commercial
     mult4bit00_mult4bit00.ngd -o mult4bit00_mult4bit00_map.ncd -pr
     mult4bit00_mult4bit00.prf -mp mult4bit00_mult4bit00.mrp -lpf C:/Users/RODRI
     GO/Desktop/2017-1/Arquitectura/Proyectos/pendientes/mult4bit00/mult4bit00/m
     ult4bit00_mult4bit00_synplify.lpf -lpf C:/Users/RODRIGO/Desktop/2017-1/Arqu
     itectura/Proyectos/pendientes/mult4bit00/mult4bit00.lpf -c 0 -gui -msgset C
     :/Users/RODRIGO/Desktop/2017-1/Arquitectura/Proyectos/pendientes/mult4bit00
     /promote.xml 
Target Vendor:  LATTICE
Target Device:  LCMXO2-7000HETQFP144
Target Performance:   4
Mapper:  xo2c00,  version:  Diamond (64-bit) 3.8.0.115.3
Mapped on:  03/09/17  11:32:15

Design Summary
--------------

   Number of registers:      0 out of  7209 (0%)
      PFU registers:            0 out of  6864 (0%)
      PIO registers:            0 out of   345 (0%)
   Number of SLICEs:        13 out of  3432 (0%)
      SLICEs as Logic/ROM:     13 out of  3432 (0%)
      SLICEs as RAM:            0 out of  2574 (0%)
      SLICEs as Carry:          0 out of  3432 (0%)
   Number of LUT4s:         26 out of  6864 (0%)
      Number used as logic LUTs:         26
      Number used as distributed RAM:     0
      Number used as ripple logic:        0
      Number used as shift registers:     0
   Number of PIO sites used: 16 + 4(JTAG) out of 115 (17%)
   Number of block RAMs:  0 out of 26 (0%)
   Number of GSRs:  0 out of 1 (0%)
   EFB used :       No
   JTAG used :      No
   Readback used :  No
   Oscillator used :  No
   Startup used :   No
   POR :            On
   Bandgap :        On
   Number of Power Controller:  0 out of 1 (0%)
   Number of Dynamic Bank Controller (BCINRD):  0 out of 6 (0%)
   Number of Dynamic Bank Controller (BCLVDSO):  0 out of 1 (0%)
   Number of DCCA:  0 out of 8 (0%)
   Number of DCMA:  0 out of 2 (0%)
   Number of PLLs:  0 out of 2 (0%)
   Number of DQSDLLs:  0 out of 2 (0%)
   Number of CLKDIVC:  0 out of 4 (0%)
   Number of ECLKSYNCA:  0 out of 4 (0%)
   Number of ECLKBRIDGECS:  0 out of 2 (0%)
   Notes:-
      1. Total number of LUT4s = (Number of logic LUT4s) + 2*(Number of
     distributed RAMs) + 2*(Number of ripple logic)
      2. Number of logic LUT4s does not include count of distributed RAM and
     ripple logic.
   Number of clocks:  0

                                    Page 1




Design:  topmult4bit00                                 Date:  03/09/17  11:32:15

Design Summary (cont)
---------------------
   Number of Clock Enables:  0
   Number of LSRs:  0
   Number of nets driven by tri-state buffers:  0
   Top 10 highest fanout non-clock nets:
     Net Ai_c[1]: 8 loads
     Net Bi_c[2]: 8 loads
     Net Bi_c[3]: 8 loads
     Net Ai_c[0]: 7 loads
     Net Ai_c[3]: 7 loads
     Net Ai_c[2]: 6 loads
     Net Bi_c[0]: 6 loads
     Net Bi_c[1]: 6 loads
     Net CS1[2]: 3 loads
     Net CS2[0]: 3 loads




   Number of warnings:  0
   Number of errors:    0
     

Design Errors/Warnings
----------------------

   No errors or warnings present.

IO (PIO) Attributes
-------------------

+---------------------+-----------+-----------+------------+
| IO Name             | Direction | Levelmode | IO         |
|                     |           |  IO_TYPE  | Register   |
+---------------------+-----------+-----------+------------+
| So[0]               | OUTPUT    | LVCMOS25  |            |
+---------------------+-----------+-----------+------------+
| Ai[0]               | INPUT     | LVCMOS25  |            |
+---------------------+-----------+-----------+------------+
| So[7]               | OUTPUT    | LVCMOS25  |            |
+---------------------+-----------+-----------+------------+
| So[6]               | OUTPUT    | LVCMOS25  |            |
+---------------------+-----------+-----------+------------+
| So[5]               | OUTPUT    | LVCMOS25  |            |
+---------------------+-----------+-----------+------------+
| So[4]               | OUTPUT    | LVCMOS25  |            |
+---------------------+-----------+-----------+------------+
| So[3]               | OUTPUT    | LVCMOS25  |            |
+---------------------+-----------+-----------+------------+
| So[2]               | OUTPUT    | LVCMOS25  |            |
+---------------------+-----------+-----------+------------+
| So[1]               | OUTPUT    | LVCMOS25  |            |
+---------------------+-----------+-----------+------------+
| Bi[3]               | INPUT     | LVCMOS25  |            |
+---------------------+-----------+-----------+------------+
| Bi[2]               | INPUT     | LVCMOS25  |            |
+---------------------+-----------+-----------+------------+

                                    Page 2




Design:  topmult4bit00                                 Date:  03/09/17  11:32:15

IO (PIO) Attributes (cont)
--------------------------
| Bi[1]               | INPUT     | LVCMOS25  |            |
+---------------------+-----------+-----------+------------+
| Bi[0]               | INPUT     | LVCMOS25  |            |
+---------------------+-----------+-----------+------------+
| Ai[3]               | INPUT     | LVCMOS25  |            |
+---------------------+-----------+-----------+------------+
| Ai[2]               | INPUT     | LVCMOS25  |            |
+---------------------+-----------+-----------+------------+
| Ai[1]               | INPUT     | LVCMOS25  |            |
+---------------------+-----------+-----------+------------+

Removed logic
-------------

Block VCC undriven or does not drive anything - clipped.
Block GSR_INST undriven or does not drive anything - clipped.
Block GND undriven or does not drive anything - clipped.
Block UM01/GND undriven or does not drive anything - clipped.
Block UM03/GND undriven or does not drive anything - clipped.
Block UM06/GND undriven or does not drive anything - clipped.
Block UM017/UH01/UX00/GND undriven or does not drive anything - clipped.
Block UM018/UH00/UX00/GND undriven or does not drive anything - clipped.
Block UM019/UH00/UX00/GND undriven or does not drive anything - clipped.
Block UM019/UH00/UA00/GND undriven or does not drive anything - clipped.
Signal VCC undriven or does not drive anything - clipped.

Memory Usage
------------


     

Run Time and Memory Usage
-------------------------

   Total CPU Time: 1 secs  
   Total REAL Time: 0 secs  
   Peak Memory Usage: 57 MB
        


















                                    Page 3


Copyright (c) 1991-1994 by NeoCAD Inc. All rights reserved.
     Copyright (c) 1995 AT&T Corp.   All rights reserved.
     Copyright (c) 1995-2001 Lucent Technologies Inc.  All rights reserved.
     Copyright (c) 2001 Agere Systems   All rights reserved.
     Copyright (c) 2002-2016 Lattice Semiconductor Corporation,  All rights
     reserved.
