Running in Lattice mode

sourcing C:\lscc\diamond\3.7\synpbase\lib\message_override.tcl


Starting:    C:\lscc\diamond\3.7\synpbase\bin\mbin\synbatch.exe
Install:     C:\lscc\diamond\3.7\synpbase
Hostname:    ACER
Date:        Sun Sep 04 18:19:38 2016
Version:     K-2015.09L-2

Arguments:   -product synplify_pro -batch mult4bit00_mult4bit00_synplify.tcl
ProductType: synplify_pro





Copied C:\Users\Marco\Documents\Arquitectura\Project3CM3\mult4bit00\mult4bit00\mult4bit00_mult4bit00.srr to C:\Users\Marco\Documents\Arquitectura\Project3CM3\mult4bit00\mult4bit00\backup\mult4bit00_mult4bit00.srr

log file: "C:\Users\Marco\Documents\Arquitectura\Project3CM3\mult4bit00\mult4bit00\mult4bit00_mult4bit00.srr"

Running: hdl_info_gen in foreground



Generating HDL info...


hdl_info_gen Completed
Return Code: 0
Run Time:0h:00m:04s

Copied C:\Users\Marco\Documents\Arquitectura\Project3CM3\mult4bit00\mult4bit00\mult4bit00_mult4bit00.srr to C:\Users\Marco\Documents\Arquitectura\Project3CM3\mult4bit00\mult4bit00\mult4bit00_mult4bit00.srf

log file: "C:\Users\Marco\Documents\Arquitectura\Project3CM3\mult4bit00\mult4bit00\mult4bit00_mult4bit00.srr"

Running: mult4bit00 in foreground



Running proj_1|mult4bit00


Running: compile (Compile) on proj_1|mult4bit00


Running: compile_flow (Compile Process) on proj_1|mult4bit00


Running: compiler (Compile Input) on proj_1|mult4bit00

Copied C:\Users\Marco\Documents\Arquitectura\Project3CM3\mult4bit00\mult4bit00\synwork\mult4bit00_mult4bit00_comp.srs to C:\Users\Marco\Documents\Arquitectura\Project3CM3\mult4bit00\mult4bit00\mult4bit00_mult4bit00.srs


compiler Completed
Return Code: 0
Run Time:0h:00m:09s


Running: multi_srs_gen (Multi-srs Generator) on proj_1|mult4bit00

Copied C:\Users\Marco\Documents\Arquitectura\Project3CM3\mult4bit00\mult4bit00\synwork\mult4bit00_mult4bit00_comp.srs to C:\Users\Marco\Documents\Arquitectura\Project3CM3\mult4bit00\mult4bit00\synwork\mult4bit00_mult4bit00_s.srs


multi_srs_gen Completed
Return Code: 0
Run Time:0h:00m:03s

Copied C:\Users\Marco\Documents\Arquitectura\Project3CM3\mult4bit00\mult4bit00\mult4bit00_mult4bit00.srr to C:\Users\Marco\Documents\Arquitectura\Project3CM3\mult4bit00\mult4bit00\mult4bit00_mult4bit00.srf

Complete: Compile Process on proj_1|mult4bit00


Running: premap (Pre-mapping) on proj_1|mult4bit00

Copied C:\Users\Marco\Documents\Arquitectura\Project3CM3\mult4bit00\mult4bit00\mult4bit00_mult4bit00.fse to C:\Users\Marco\Documents\Arquitectura\Project3CM3\mult4bit00\mult4bit00\synwork\mult4bit00_mult4bit00_s.fse


premap Completed
Return Code: 0
Run Time:0h:00m:13s

Complete: Compile on proj_1|mult4bit00


Running: map (Map) on proj_1|mult4bit00

License granted for 4 parallel jobs


Running: fpga_mapper (Map & Optimize) on proj_1|mult4bit00

Copied C:\Users\Marco\Documents\Arquitectura\Project3CM3\mult4bit00\mult4bit00\synwork\mult4bit00_mult4bit00_m.srm to C:\Users\Marco\Documents\Arquitectura\Project3CM3\mult4bit00\mult4bit00\mult4bit00_mult4bit00.srm


fpga_mapper Completed
Return Code: 0
Run Time:0h:00m:33s

Complete: Map on proj_1|mult4bit00

Copied C:\Users\Marco\Documents\Arquitectura\Project3CM3\mult4bit00\mult4bit00\mult4bit00_mult4bit00.srr to C:\Users\Marco\Documents\Arquitectura\Project3CM3\mult4bit00\mult4bit00\mult4bit00_mult4bit00.srf

Complete: Logic Synthesis on proj_1|mult4bit00

TCL script complete: "mult4bit00_mult4bit00_synplify.tcl"

exit status=0

exit status=0

Save changes for project:
C:\Users\Marco\Documents\Arquitectura\Project3CM3\mult4bit00\mult4bit00\proj_1.prj

batch mode default:no

