
edif2ngd  -l "MachXO2" -d LCMXO2-7000HE -path "G:/todas las carpetas/Escom/Semestre5/Arquitectura de Computadoras/Practicas/Registro izquierda/Registro10" -path "G:/todas las carpetas/Escom/Semestre5/Arquitectura de Computadoras/Practicas/Registro izquierda"   "G:/todas las carpetas/Escom/Semestre5/Arquitectura de Computadoras/Practicas/Registro izquierda/Registro10/Registro10_Registro10.edi" "Registro10_Registro10.ngo"   
edif2ngd:  version Diamond (64-bit) 3.9.0.99.2

Copyright (c) 1991-1994 by NeoCAD Inc. All rights reserved.
Copyright (c) 1995 AT&T Corp.   All rights reserved.
Copyright (c) 1995-2001 Lucent Technologies Inc.  All rights reserved.
Copyright (c) 2001 Agere Systems   All rights reserved.
Copyright (c) 2002-2017 Lattice Semiconductor Corporation,  All rights reserved.
Writing the design to Registro10_Registro10.ngo...

Total CPU Time: 0 secs  

Total REAL Time: 0 secs  


ngdbuild  -a "MachXO2" -d LCMXO2-7000HE  -p "E:/diamond-arquitectura/diamond/3.9_x64/ispfpga/xo2c00/data"  -p "G:/todas las carpetas/Escom/Semestre5/Arquitectura de Computadoras/Practicas/Registro izquierda/Registro10" -p "G:/todas las carpetas/Escom/Semestre5/Arquitectura de Computadoras/Practicas/Registro izquierda"  "Registro10_Registro10.ngo" "Registro10_Registro10.ngd"  	
ngdbuild:  version Diamond (64-bit) 3.9.0.99.2

Copyright (c) 1991-1994 by NeoCAD Inc. All rights reserved.
Copyright (c) 1995 AT&T Corp.   All rights reserved.
Copyright (c) 1995-2001 Lucent Technologies Inc.  All rights reserved.
Copyright (c) 2001 Agere Systems   All rights reserved.
Copyright (c) 2002-2017 Lattice Semiconductor Corporation,  All rights reserved.
Reading 'Registro10_Registro10.ngo' ...
Loading NGL library 'E:/diamond-arquitectura/diamond/3.9_x64/ispfpga/xo2c00a/data/xo2alib.ngl'...
Loading NGL library 'E:/diamond-arquitectura/diamond/3.9_x64/ispfpga/xo2c00/data/xo2clib.ngl'...
Loading NGL library 'E:/diamond-arquitectura/diamond/3.9_x64/ispfpga/mg5g00/data/mg5glib.ngl'...
Loading NGL library 'E:/diamond-arquitectura/diamond/3.9_x64/ispfpga/or5g00/data/orc5glib.ngl'...


Running DRC...

DRC complete with no errors or warnings

Design Results:
     39 blocks expanded
Complete the first expansion.
Writing 'Registro10_Registro10.ngd' ...
Total CPU Time: 0 secs  

Total REAL Time: 0 secs  


map -a "MachXO2" -p LCMXO2-7000HE -t TQFP144 -s 4 -oc Commercial   "Registro10_Registro10.ngd" -o "Registro10_Registro10_map.ncd" -pr "Registro10_Registro10.prf" -mp "Registro10_Registro10.mrp" -lpf "G:/todas las carpetas/Escom/Semestre5/Arquitectura de Computadoras/Practicas/Registro izquierda/Registro10/Registro10_Registro10_synplify.lpf" -lpf "G:/todas las carpetas/Escom/Semestre5/Arquitectura de Computadoras/Practicas/Registro izquierda/Registro10.lpf" -c 0            
map:  version Diamond (64-bit) 3.9.0.99.2

Copyright (c) 1991-1994 by NeoCAD Inc. All rights reserved.
Copyright (c) 1995 AT&T Corp.   All rights reserved.
Copyright (c) 1995-2001 Lucent Technologies Inc.  All rights reserved.
Copyright (c) 2001 Agere Systems   All rights reserved.
Copyright (c) 2002-2017 Lattice Semiconductor Corporation,  All rights reserved.
   Process the file: Registro10_Registro10.ngd
   Picdevice="LCMXO2-7000HE"

   Pictype="TQFP144"

   Picspeed=4

   Remove unused logic

   Do not produce over sized NCDs.

Part used: LCMXO2-7000HETQFP144, Performance used: 4.

Loading device for application map from file 'xo2c7000.nph' in environment: E:/diamond-arquitectura/diamond/3.9_x64/ispfpga.
Package Status:                     Final          Version 1.39.

Running general design DRC...

Removing unused logic...

Optimizing...




Design Summary:
   Number of registers:      8 out of  7209 (0%)
      PFU registers:            7 out of  6864 (0%)
      PIO registers:            1 out of   345 (0%)
   Number of SLICEs:         4 out of  3432 (0%)
      SLICEs as Logic/ROM:      4 out of  3432 (0%)
      SLICEs as RAM:            0 out of  2574 (0%)
      SLICEs as Carry:          0 out of  3432 (0%)
   Number of LUT4s:          8 out of  6864 (0%)
      Number used as logic LUTs:          8
      Number used as distributed RAM:     0
      Number used as ripple logic:        0
      Number used as shift registers:     0
   Number of PIO sites used: 20 + 4(JTAG) out of 115 (21%)
   Number of block RAMs:  0 out of 26 (0%)
   Number of GSRs:  0 out of 1 (0%)
   EFB used :       No
   JTAG used :      No
   Readback used :  No
   Oscillator used :  No
   Startup used :   No
   POR :            On
   Bandgap :        On
   Number of Power Controller:  0 out of 1 (0%)
   Number of Dynamic Bank Controller (BCINRD):  0 out of 6 (0%)
   Number of Dynamic Bank Controller (BCLVDSO):  0 out of 1 (0%)
   Number of DCCA:  0 out of 8 (0%)
   Number of DCMA:  0 out of 2 (0%)
   Number of PLLs:  0 out of 2 (0%)
   Number of DQSDLLs:  0 out of 2 (0%)
   Number of CLKDIVC:  0 out of 4 (0%)
   Number of ECLKSYNCA:  0 out of 4 (0%)
   Number of ECLKBRIDGECS:  0 out of 2 (0%)
   Notes:-
      1. Total number of LUT4s = (Number of logic LUT4s) + 2*(Number of distributed RAMs) + 2*(Number of ripple logic)
      2. Number of logic LUT4s does not include count of distributed RAM and ripple logic.
   Number of clocks:  1
     Net clk_c: 5 loads, 5 rising, 0 falling (Driver: PIO clk )
   Number of Clock Enables:  0
   Number of LSRs:  1
     Net clr_c: 5 loads, 4 LSLICEs
   Number of nets driven by tri-state buffers:  0
   Top 10 highest fanout non-clock nets:
     Net set_c: 8 loads
     Net clr_c: 5 loads
     Net salida_c[0]: 2 loads
     Net salida_c[1]: 2 loads
     Net salida_c[2]: 2 loads
     Net salida_c[3]: 2 loads
     Net salida_c[4]: 2 loads
     Net salida_c[5]: 2 loads
     Net salida_c[6]: 2 loads
     Net entrada_c[0]: 1 loads
 

   Number of warnings:  0
   Number of errors:    0



Total CPU Time: 0 secs  
Total REAL Time: 0 secs  
Peak Memory Usage: 34 MB

Dumping design to file Registro10_Registro10_map.ncd.

mpartrce -p "Registro10_Registro10.p2t" -f "Registro10_Registro10.p3t" -tf "Registro10_Registro10.pt" "Registro10_Registro10_map.ncd" "Registro10_Registro10.ncd"

---- MParTrce Tool ----
Removing old design directory at request of -rem command line option to this program.
Running par. Please wait . . .

Lattice Place and Route Report for Design "Registro10_Registro10_map.ncd"
Thu Sep 14 23:49:43 2017

PAR: Place And Route Diamond (64-bit) 3.9.0.99.2.
Command Line: par -w -l 5 -i 6 -t 1 -c 0 -e 0 -gui -msgset "G:/todas las carpetas/Escom/Semestre5/Arquitectura de Computadoras/Practicas/Registro izquierda/promote.xml" -exp parUseNBR=1:parCDP=0:parCDR=0:parPathBased=OFF Registro10_Registro10_map.ncd Registro10_Registro10.dir/5_1.ncd Registro10_Registro10.prf
Preference file: Registro10_Registro10.prf.
Placement level-cost: 5-1.
Routing Iterations: 6

Loading design for application par from file Registro10_Registro10_map.ncd.
Design name: ci00
NCD version: 3.3
Vendor:      LATTICE
Device:      LCMXO2-7000HE
Package:     TQFP144
Performance: 4
Loading device for application par from file 'xo2c7000.nph' in environment: E:/diamond-arquitectura/diamond/3.9_x64/ispfpga.
Package Status:                     Final          Version 1.39.
Performance Hardware Data Status:   Final          Version 34.4.
License checked out.


Ignore Preference Error(s):  True
Device utilization summary:

   PIO (prelim)   20+4(JTAG)/336     7% used
                  20+4(JTAG)/115     21% bonded
   IOLOGIC            1/336          <1% used

   SLICE              4/3432         <1% used



Number of Signals: 28
Number of Connections: 50

Pin Constraint Summary:
   0 out of 20 pins locked (0% locked).

No signal is selected as primary clock.


The following 1 signal is selected to use the secondary clock routing resources:
    clk_c (driver: clk, clk load #: 5, sr load #: 0, ce load #: 0)

No signal is selected as Global Set/Reset.
.
Starting Placer Phase 0.
...........
Finished Placer Phase 0.  REAL time: 0 secs 

Starting Placer Phase 1.
....................
Placer score = 3412.
Finished Placer Phase 1.  REAL time: 8 secs 

Starting Placer Phase 2.
.
Placer score =  3412
Finished Placer Phase 2.  REAL time: 8 secs 


------------------ Clock Report ------------------

Global Clock Resources:
  CLK_PIN    : 1 out of 8 (12%)
  PLL        : 0 out of 2 (0%)
  DCM        : 0 out of 2 (0%)
  DCC        : 0 out of 8 (0%)

Quadrants All (TL, TR, BL, BR) - Global Clocks:
  SECONDARY "clk_c" from comp "clk" on CLK_PIN site "27 (PL22A)", clk load = 5, ce load = 0, sr load = 0

  PRIMARY  : 0 out of 8 (0%)
  SECONDARY: 1 out of 8 (12%)

Edge Clocks:
  No edge clock selected.

--------------- End of Clock Report ---------------


I/O Usage Summary (final):
   20 + 4(JTAG) out of 336 (7.1%) PIO sites used.
   20 + 4(JTAG) out of 115 (20.9%) bonded PIO sites used.
   Number of PIO comps: 20; differential: 0.
   Number of Vref pins used: 0.

I/O Bank Usage Summary:
+----------+----------------+------------+-----------+
| I/O Bank | Usage          | Bank Vccio | Bank Vref |
+----------+----------------+------------+-----------+
| 0        | 0 / 28 (  0%)  | -          | -         |
| 1        | 19 / 29 ( 65%) | 2.5V       | -         |
| 2        | 0 / 29 (  0%)  | -          | -         |
| 3        | 1 / 9 ( 11%)   | 2.5V       | -         |
| 4        | 0 / 10 (  0%)  | -          | -         |
| 5        | 0 / 10 (  0%)  | -          | -         |
+----------+----------------+------------+-----------+

Total placer CPU time: 7 secs 

Dumping design to file Registro10_Registro10.dir/5_1.ncd.


-----------------------------------------------------------------
INFO - par: ASE feature is off due to non timing-driven settings.  
-----------------------------------------------------------------

0 connections routed; 50 unrouted.
Starting router resource preassignment

Completed router resource preassignment. Real time: 8 secs 

Start NBR router at 23:49:51 09/14/17

*****************************************************************
Info: NBR allows conflicts(one node used by more than one signal)
      in the earlier iterations. In each iteration, it tries to  
      solve the conflicts while keeping the critical connections 
      routed as short as possible. The routing process is said to
      be completed when no conflicts exist and all connections   
      are routed.                                                
Note: NBR uses a different method to calculate timing slacks. The
      worst slack and total negative slack may not be the same as
      that in TRCE report. You should always run TRCE to verify  
      your design.                                               
*****************************************************************

Start NBR special constraint process at 23:49:51 09/14/17

Start NBR section for initial routing at 23:49:52 09/14/17
Level 4, iteration 1
0(0.00%) conflict; 0(0.00%) untouched conn; 0 (nbr) score; real time: 9 secs 

Info: Initial congestion level at 75% usage is 0
Info: Initial congestion area  at 75% usage is 0 (0.00%)

Start NBR section for normal routing at 23:49:52 09/14/17
Level 4, iteration 1
0(0.00%) conflict; 0(0.00%) untouched conn; 0 (nbr) score; real time: 9 secs 

Start NBR section for re-routing at 23:49:52 09/14/17
Level 4, iteration 1
0(0.00%) conflict; 0(0.00%) untouched conn; 0 (nbr) score; real time: 9 secs 

Start NBR section for post-routing at 23:49:52 09/14/17

End NBR router with 0 unrouted connection

NBR Summary
-----------
  Number of unrouted connections : 0 (0.00%)
  Number of connections with timing violations : 0 (0.00%)
  Estimated worst slack<setup> : <n/a>
  Timing score<setup> : 0
-----------
Notes: The timing info is calculated for SETUP only and all PAR_ADJs are ignored.



Total CPU time 8 secs 
Total REAL time: 9 secs 
Completely routed.
End of route.  50 routed (100.00%); 0 unrouted.

Hold time timing score: 0, hold timing errors: 0

Timing score: 0 

Dumping design to file Registro10_Registro10.dir/5_1.ncd.


PAR_SUMMARY::Run status = completed
PAR_SUMMARY::Number of unrouted conns = 0
PAR_SUMMARY::Worst  slack<setup/<ns>> = <n/a>
PAR_SUMMARY::Timing score<setup/<ns>> = <n/a>
PAR_SUMMARY::Worst  slack<hold /<ns>> = <n/a>
PAR_SUMMARY::Timing score<hold /<ns>> = <n/a>
PAR_SUMMARY::Number of errors = 0

Total CPU  time to completion: 8 secs 
Total REAL time to completion: 9 secs 

par done!

Copyright (c) 1991-1994 by NeoCAD Inc. All rights reserved.
Copyright (c) 1995 AT&T Corp.   All rights reserved.
Copyright (c) 1995-2001 Lucent Technologies Inc.  All rights reserved.
Copyright (c) 2001 Agere Systems   All rights reserved.
Copyright (c) 2002-2017 Lattice Semiconductor Corporation,  All rights reserved.
Exiting par with exit code 0
Exiting mpartrce with exit code 0

bitgen -f "Registro10_Registro10.t2b" -w "Registro10_Registro10.ncd" -jedec "Registro10_Registro10.prf"


BITGEN: Bitstream Generator Diamond (64-bit) 3.9.0.99.2
Copyright (c) 1991-1994 by NeoCAD Inc. All rights reserved.
Copyright (c) 1995 AT&T Corp.   All rights reserved.
Copyright (c) 1995-2001 Lucent Technologies Inc.  All rights reserved.
Copyright (c) 2001 Agere Systems   All rights reserved.
Copyright (c) 2002-2017 Lattice Semiconductor Corporation,  All rights reserved.


Loading design for application Bitgen from file Registro10_Registro10.ncd.
Design name: ci00
NCD version: 3.3
Vendor:      LATTICE
Device:      LCMXO2-7000HE
Package:     TQFP144
Performance: 4
Loading device for application Bitgen from file 'xo2c7000.nph' in environment: E:/diamond-arquitectura/diamond/3.9_x64/ispfpga.
Package Status:                     Final          Version 1.39.
Performance Hardware Data Status:   Final          Version 34.4.

Running DRC.
DRC detected 0 errors and 0 warnings.
Reading Preference File from Registro10_Registro10.prf.

Preference Summary:
+---------------------------------+---------------------------------+
|  Preference                     |  Current Setting                |
+---------------------------------+---------------------------------+
|                         RamCfg  |                        Reset**  |
+---------------------------------+---------------------------------+
|                     MCCLK_FREQ  |                         2.08**  |
+---------------------------------+---------------------------------+
|                  CONFIG_SECURE  |                          OFF**  |
+---------------------------------+---------------------------------+
|                          INBUF  |                           ON**  |
+---------------------------------+---------------------------------+
|                      JTAG_PORT  |                       ENABLE**  |
+---------------------------------+---------------------------------+
|                       SDM_PORT  |                      DISABLE**  |
+---------------------------------+---------------------------------+
|                 SLAVE_SPI_PORT  |                      DISABLE**  |
+---------------------------------+---------------------------------+
|                MASTER_SPI_PORT  |                      DISABLE**  |
+---------------------------------+---------------------------------+
|                       I2C_PORT  |                      DISABLE**  |
+---------------------------------+---------------------------------+
|        MUX_CONFIGURATION_PORTS  |                      DISABLE**  |
+---------------------------------+---------------------------------+
|                  CONFIGURATION  |                          CFG**  |
+---------------------------------+---------------------------------+
|                COMPRESS_CONFIG  |                           ON**  |
+---------------------------------+---------------------------------+
|                        MY_ASSP  |                          OFF**  |
+---------------------------------+---------------------------------+
|               ONE_TIME_PROGRAM  |                          OFF**  |
+---------------------------------+---------------------------------+
|                 ENABLE_TRANSFR  |                      DISABLE**  |
+---------------------------------+---------------------------------+
|                  SHAREDEBRINIT  |                      DISABLE**  |
+---------------------------------+---------------------------------+
|            BACKGROUND_RECONFIG  |                          OFF**  |
+---------------------------------+---------------------------------+
 *  Default setting.
 ** The specified setting matches the default setting.


Creating bit map...
 
Bitstream Status: Final           Version 1.94.
 
Saving bit stream in "Registro10_Registro10.jed".
 
===========
UFM Summary.
===========
UFM Size:        2046 Pages (128*2046 Bits).
UFM Utilization: General Purpose Flash Memory.
 
Available General Purpose Flash Memory: 2046 Pages (Page 0 to Page 2045).
Initialized UFM Pages:                     0 Page.
 
