Resource Usage Report
Part: lcmxo2_7000he-4

Register bits: 34 of 6864 (0%)
Latch bits:      2
PIC Latch:       0
I/O cells:       17

Details:
CCU2D:          11
FD1P3AX:        8
FD1P3IX:        2
FD1S1AY:        2
FD1S3AX:        1
FD1S3IX:        21
GSR:            1
IB:             14
IFS1P3DX:       1
INV:            2
OB:             3
OFS1P3DX:       1
ORCALUT4:       39
OSCH:           1
PFUMX:          3
PUR:            1
VHI:            4
VLO:            5
false:          1
true:           2
