Running in Lattice mode


Starting:    C:\lscc\diamond\3.9_x64\synpbase\bin64\mbin\synbatch.exe
Install:     C:\lscc\diamond\3.9_x64\synpbase
Hostname:    CARMATCHMX
Date:        Fri Sep 29 11:28:44 2017
Version:     L-2016.09L

Arguments:   -product synplify_pro -batch div00_div00_synplify.tcl
ProductType: synplify_pro





Technology initialized from device list to: LATTICE-XP

log file: "C:\Users\CarmatchMX\Desktop\Practicas1erparcial\13divosc00\div00\div00\div00_div00.srr"

Running: hdl_info_gen in foreground



Generating HDL info...


hdl_info_gen completed
# Fri Sep 29 11:28:45 2017

Return Code: 0
Run Time:00h:00m:01s

Copied C:\Users\CarmatchMX\Desktop\Practicas1erparcial\13divosc00\div00\div00\div00_div00.srr to C:\Users\CarmatchMX\Desktop\Practicas1erparcial\13divosc00\div00\div00\div00_div00.srf

log file: "C:\Users\CarmatchMX\Desktop\Practicas1erparcial\13divosc00\div00\div00\div00_div00.srr"

Running: div00 in foreground



Running proj_1|div00


Running: compile (Compile) on proj_1|div00
# Fri Sep 29 11:28:45 2017


Running: compile_flow (Compile Process) on proj_1|div00
# Fri Sep 29 11:28:45 2017


Running: compiler (Compile Input) on proj_1|div00
# Fri Sep 29 11:28:45 2017

Copied C:\Users\CarmatchMX\Desktop\Practicas1erparcial\13divosc00\div00\div00\synwork\div00_div00_comp.srs to C:\Users\CarmatchMX\Desktop\Practicas1erparcial\13divosc00\div00\div00\div00_div00.srs


compiler completed
# Fri Sep 29 11:28:48 2017

Return Code: 0
Run Time:00h:00m:03s


Running: multi_srs_gen (Multi-srs Generator) on proj_1|div00
# Fri Sep 29 11:28:48 2017


multi_srs_gen completed
# Fri Sep 29 11:28:48 2017

Return Code: 0
Run Time:00h:00m:00s

Copied C:\Users\CarmatchMX\Desktop\Practicas1erparcial\13divosc00\div00\div00\synwork\div00_div00_mult.srs to C:\Users\CarmatchMX\Desktop\Practicas1erparcial\13divosc00\div00\div00\div00_div00.srs

Copied C:\Users\CarmatchMX\Desktop\Practicas1erparcial\13divosc00\div00\div00\div00_div00.srr to C:\Users\CarmatchMX\Desktop\Practicas1erparcial\13divosc00\div00\div00\div00_div00.srf

Complete: Compile Process on proj_1|div00


Running: premap (Pre-mapping) on proj_1|div00
# Fri Sep 29 11:28:48 2017


premap completed with warnings
# Fri Sep 29 11:28:49 2017

Return Code: 1
Run Time:00h:00m:01s

Complete: Compile on proj_1|div00


Running: map (Map) on proj_1|div00
# Fri Sep 29 11:28:49 2017

License granted for 4 parallel jobs


Running: fpga_mapper (Map & Optimize) on proj_1|div00
# Fri Sep 29 11:28:49 2017

Copied C:\Users\CarmatchMX\Desktop\Practicas1erparcial\13divosc00\div00\div00\synwork\div00_div00_m.srm to C:\Users\CarmatchMX\Desktop\Practicas1erparcial\13divosc00\div00\div00\div00_div00.srm


fpga_mapper completed with warnings
# Fri Sep 29 11:28:51 2017

Return Code: 1
Run Time:00h:00m:02s

Complete: Map on proj_1|div00

Copied C:\Users\CarmatchMX\Desktop\Practicas1erparcial\13divosc00\div00\div00\div00_div00.srr to C:\Users\CarmatchMX\Desktop\Practicas1erparcial\13divosc00\div00\div00\div00_div00.srf

Complete: Logic Synthesis on proj_1|div00

TCL script complete: "div00_div00_synplify.tcl"

exit status=0

exit status=0

Save changes for project:
C:\Users\CarmatchMX\Desktop\Practicas1erparcial\13divosc00\div00\div00\proj_1.prj

batch mode default:no

