Running in Lattice mode


Starting:    C:\lscc\diamond\3.9_x64\synpbase\bin64\mbin\synbatch.exe
Install:     C:\lscc\diamond\3.9_x64\synpbase
Hostname:    CARMATCHMX
Date:        Wed Oct 04 18:53:27 2017
Version:     L-2016.09L

Arguments:   -product synplify_pro -batch tecMatricial_tecMatricial_synplify.tcl
ProductType: synplify_pro





Technology initialized from device list to: LATTICE-XP

log file: "C:\Users\CarmatchMX\Desktop\Practicas-2do-parcial\Teclado matricial\tecMatricial\tecMatricial_tecMatricial.srr"

Running: hdl_info_gen in foreground



Generating HDL info...


hdl_info_gen completed
# Wed Oct 04 18:53:30 2017

Return Code: 0
Run Time:00h:00m:02s

log file: "C:\Users\CarmatchMX\Desktop\Practicas-2do-parcial\Teclado matricial\tecMatricial\tecMatricial_tecMatricial.srr"

Running: tecMatricial in foreground



Running proj_1|tecMatricial


Running: compile (Compile) on proj_1|tecMatricial
# Wed Oct 04 18:53:30 2017


Running: compile_flow (Compile Process) on proj_1|tecMatricial
# Wed Oct 04 18:53:30 2017


Running: compiler (Compile Input) on proj_1|tecMatricial
# Wed Oct 04 18:53:30 2017

Copied C:\Users\CarmatchMX\Desktop\Practicas-2do-parcial\Teclado matricial\tecMatricial\synwork\tecMatricial_tecMatricial_comp.srs to C:\Users\CarmatchMX\Desktop\Practicas-2do-parcial\Teclado matricial\tecMatricial\tecMatricial_tecMatricial.srs


compiler completed
# Wed Oct 04 18:53:38 2017

Return Code: 0
Run Time:00h:00m:08s


Running: multi_srs_gen (Multi-srs Generator) on proj_1|tecMatricial
# Wed Oct 04 18:53:38 2017


multi_srs_gen completed
# Wed Oct 04 18:53:38 2017

Return Code: 0
Run Time:00h:00m:00s

Copied C:\Users\CarmatchMX\Desktop\Practicas-2do-parcial\Teclado matricial\tecMatricial\synwork\tecMatricial_tecMatricial_mult.srs to C:\Users\CarmatchMX\Desktop\Practicas-2do-parcial\Teclado matricial\tecMatricial\tecMatricial_tecMatricial.srs

Copied C:\Users\CarmatchMX\Desktop\Practicas-2do-parcial\Teclado matricial\tecMatricial\tecMatricial_tecMatricial.srr to C:\Users\CarmatchMX\Desktop\Practicas-2do-parcial\Teclado matricial\tecMatricial\tecMatricial_tecMatricial.srf

Complete: Compile Process on proj_1|tecMatricial


Running: premap (Pre-mapping) on proj_1|tecMatricial
# Wed Oct 04 18:53:38 2017


premap completed with warnings
# Wed Oct 04 18:53:43 2017

Return Code: 1
Run Time:00h:00m:05s

Complete: Compile on proj_1|tecMatricial


Running: map (Map) on proj_1|tecMatricial
# Wed Oct 04 18:53:43 2017

License granted for 4 parallel jobs


Running: fpga_mapper (Map & Optimize) on proj_1|tecMatricial
# Wed Oct 04 18:53:43 2017

Copied C:\Users\CarmatchMX\Desktop\Practicas-2do-parcial\Teclado matricial\tecMatricial\synwork\tecMatricial_tecMatricial_m.srm to C:\Users\CarmatchMX\Desktop\Practicas-2do-parcial\Teclado matricial\tecMatricial\tecMatricial_tecMatricial.srm


fpga_mapper completed with warnings
# Wed Oct 04 18:53:48 2017

Return Code: 1
Run Time:00h:00m:05s

Complete: Map on proj_1|tecMatricial

Copied C:\Users\CarmatchMX\Desktop\Practicas-2do-parcial\Teclado matricial\tecMatricial\tecMatricial_tecMatricial.srr to C:\Users\CarmatchMX\Desktop\Practicas-2do-parcial\Teclado matricial\tecMatricial\tecMatricial_tecMatricial.srf

Complete: Logic Synthesis on proj_1|tecMatricial

TCL script complete: "tecMatricial_tecMatricial_synplify.tcl"

exit status=0

exit status=0

Save changes for project:
C:\Users\CarmatchMX\Desktop\Practicas-2do-parcial\Teclado matricial\tecMatricial\proj_1.prj

batch mode default:no

