
           Lattice Mapping Report File for Design Module 'teclado'


Design Information
------------------

Command line:   map -a MachXO2 -p LCMXO2-7000HE -t TQFP144 -s 4 -oc Commercial
     tecMatricial_tecMatricial.ngd -o tecMatricial_tecMatricial_map.ncd -pr
     tecMatricial_tecMatricial.prf -mp tecMatricial_tecMatricial.mrp -lpf
     C:/Users/CarmatchMX/Desktop/Practicas-2do-parcial/Teclado
     matricial/tecMatricial/tecMatricial_tecMatricial_synplify.lpf -lpf
     C:/Users/CarmatchMX/Desktop/Practicas-2do-parcial/Teclado
     matricial/tecMatricial.lpf -c 0 -gui -msgset
     C:/Users/CarmatchMX/Desktop/Practicas-2do-parcial/Teclado
     matricial/promote.xml 
Target Vendor:  LATTICE
Target Device:  LCMXO2-7000HETQFP144
Target Performance:   4
Mapper:  xo2c00,  version:  Diamond (64-bit) 3.9.0.99.2
Mapped on:  10/04/17  18:53:59

Design Summary
--------------

   Number of registers:     32 out of  7209 (0%)
      PFU registers:           25 out of  6864 (0%)
      PIO registers:            7 out of   345 (2%)
   Number of SLICEs:        42 out of  3432 (1%)
      SLICEs as Logic/ROM:     42 out of  3432 (1%)
      SLICEs as RAM:            0 out of  2574 (0%)
      SLICEs as Carry:         11 out of  3432 (0%)
   Number of LUT4s:         83 out of  6864 (1%)
      Number used as logic LUTs:         61
      Number used as distributed RAM:     0
      Number used as ripple logic:       22
      Number used as shift registers:     0
   Number of PIO sites used: 20 + 4(JTAG) out of 115 (21%)
   Number of block RAMs:  0 out of 26 (0%)
   Number of GSRs:  1 out of 1 (100%)
   EFB used :       No
   JTAG used :      No
   Readback used :  No
   Oscillator used :  Yes
   Startup used :   No
   POR :            On
   Bandgap :        On
   Number of Power Controller:  0 out of 1 (0%)
   Number of Dynamic Bank Controller (BCINRD):  0 out of 6 (0%)
   Number of Dynamic Bank Controller (BCLVDSO):  0 out of 1 (0%)
   Number of DCCA:  0 out of 8 (0%)
   Number of DCMA:  0 out of 2 (0%)
   Number of PLLs:  0 out of 2 (0%)
   Number of DQSDLLs:  0 out of 2 (0%)
   Number of CLKDIVC:  0 out of 4 (0%)
   Number of ECLKSYNCA:  0 out of 4 (0%)
   Number of ECLKBRIDGECS:  0 out of 2 (0%)
   Notes:-
      1. Total number of LUT4s = (Number of logic LUT4s) + 2*(Number of
     distributed RAMs) + 2*(Number of ripple logic)
      2. Number of logic LUT4s does not include count of distributed RAM and
     ripple logic.

                                    Page 1




Design:  teclado                                       Date:  10/04/17  18:53:59

Design Summary (cont)
---------------------
   Number of clocks:  1
     Net sclk_0: 21 loads, 21 rising, 0 falling (Driver: UD00/OSCInst0 )
   Number of Clock Enables:  2
     Net un1_outdiv_0_sqmuxa_1_0_RNICFVO: 2 loads, 2 LSLICEs
     Net registro.un1_f_0_o3_RNIO33O1: 7 loads, 0 LSLICEs
   Number of local set/reset loads for net clr_c merged into GSR:  10
   Number of LSRs:  1
     Net UD01/un1_outdiv44_RNIFILG: 11 loads, 11 LSLICEs
   Number of nets driven by tri-state buffers:  0
   Top 10 highest fanout non-clock nets:
     Net UD01/un1_outdiv44_RNIFILG: 11 loads
     Net f_c[2]: 10 loads
     Net f_c[0]: 9 loads
     Net f_c[3]: 9 loads
     Net c_c[2]: 8 loads
     Net indiv0_c[0]: 8 loads
     Net indiv0_c[1]: 8 loads
     Net indiv0_c[2]: 8 loads
     Net indiv0_c[3]: 8 loads
     Net UD01/sdiv[16]: 8 loads




   Number of warnings:  1
   Number of errors:    0
     

Design Errors/Warnings
----------------------

WARNING - map: Using local reset signal 'clr_c' to infer global GSR net.

IO (PIO) Attributes
-------------------

+---------------------+-----------+-----------+------------+
| IO Name             | Direction | Levelmode | IO         |
|                     |           |  IO_TYPE  | Register   |
+---------------------+-----------+-----------+------------+
| outdiv0             | OUTPUT    | LVCMOS25  |            |
+---------------------+-----------+-----------+------------+
| clr                 | INPUT     | LVCMOS25  |            |
+---------------------+-----------+-----------+------------+
| display[6]          | OUTPUT    | LVCMOS25  | OUT        |
+---------------------+-----------+-----------+------------+
| display[5]          | OUTPUT    | LVCMOS25  | OUT        |
+---------------------+-----------+-----------+------------+
| display[4]          | OUTPUT    | LVCMOS25  | OUT        |
+---------------------+-----------+-----------+------------+
| display[3]          | OUTPUT    | LVCMOS25  | OUT        |
+---------------------+-----------+-----------+------------+
| display[2]          | OUTPUT    | LVCMOS25  | OUT        |
+---------------------+-----------+-----------+------------+
| display[1]          | OUTPUT    | LVCMOS25  | OUT        |
+---------------------+-----------+-----------+------------+

                                    Page 2




Design:  teclado                                       Date:  10/04/17  18:53:59

IO (PIO) Attributes (cont)
--------------------------
| display[0]          | OUTPUT    | LVCMOS25  | OUT        |
+---------------------+-----------+-----------+------------+
| c[2]                | OUTPUT    | LVCMOS25  |            |
+---------------------+-----------+-----------+------------+
| c[1]                | OUTPUT    | LVCMOS25  |            |
+---------------------+-----------+-----------+------------+
| c[0]                | OUTPUT    | LVCMOS25  |            |
+---------------------+-----------+-----------+------------+
| f[3]                | INPUT     | LVCMOS25  |            |
+---------------------+-----------+-----------+------------+
| f[2]                | INPUT     | LVCMOS25  |            |
+---------------------+-----------+-----------+------------+
| f[1]                | INPUT     | LVCMOS25  |            |
+---------------------+-----------+-----------+------------+
| f[0]                | INPUT     | LVCMOS25  |            |
+---------------------+-----------+-----------+------------+
| indiv0[3]           | INPUT     | LVCMOS25  |            |
+---------------------+-----------+-----------+------------+
| indiv0[2]           | INPUT     | LVCMOS25  |            |
+---------------------+-----------+-----------+------------+
| indiv0[1]           | INPUT     | LVCMOS25  |            |
+---------------------+-----------+-----------+------------+
| indiv0[0]           | INPUT     | LVCMOS25  |            |
+---------------------+-----------+-----------+------------+

Removed logic
-------------

Block VCC undriven or does not drive anything - clipped.
Block GND undriven or does not drive anything - clipped.
Block UD01/VCC undriven or does not drive anything - clipped.
Signal UD00/GND undriven or does not drive anything - clipped.
Signal UD01/GND undriven or does not drive anything - clipped.
Signal VCC undriven or does not drive anything - clipped.
Signal UD00/OSCInst0_SEDSTDBY undriven or does not drive anything - clipped.
Signal UD01/un1_sdiv_cry_19_0_COUT undriven or does not drive anything -
     clipped.
Signal UD01/un1_sdiv_cry_0_0_S0 undriven or does not drive anything - clipped.
Signal UD01/N_1 undriven or does not drive anything - clipped.
Block UD00/GND was optimized away.
Block UD01/GND was optimized away.

Memory Usage
------------


     

OSC Summary
-----------

OSC 1:                                     Pin/Node Value
  OSC Instance Name:                                UD00/OSCInst0
  OSC Type:                                         OSCH
  STDBY Input:                                      NONE
  OSC Output:                              NODE     sclk_0

                                    Page 3




Design:  teclado                                       Date:  10/04/17  18:53:59

OSC Summary (cont)
------------------
  OSC Nominal Frequency (MHz):                      2.08

ASIC Components
---------------

Instance Name: UD00/OSCInst0
         Type: OSCH

GSR Usage
---------

GSR Component:
   The local reset signal 'clr_c' of the design has been inferred as Global Set
        Reset (GSR). The reset signal used for GSR control is 'clr_c'.
        

     GSR Property:
   The design components with GSR property set to ENABLED will respond to global
        set reset while the components with GSR property set to DISABLED will
        not.
        

Run Time and Memory Usage
-------------------------

   Total CPU Time: 1 secs  
   Total REAL Time: 3 secs  
   Peak Memory Usage: 35 MB
        




























                                    Page 4


Copyright (c) 1991-1994 by NeoCAD Inc. All rights reserved.
     Copyright (c) 1995 AT&T Corp.   All rights reserved.
     Copyright (c) 1995-2001 Lucent Technologies Inc.  All rights reserved.
     Copyright (c) 2001 Agere Systems   All rights reserved.
     Copyright (c) 2002-2017 Lattice Semiconductor Corporation,  All rights
     reserved.
