Running in Lattice mode


Starting:    C:\lscc\diamond\3.9_x64\synpbase\bin64\mbin\synbatch.exe
Install:     C:\lscc\diamond\3.9_x64\synpbase
Hostname:    CARMATCHMX
Date:        Thu Sep 28 10:55:32 2017
Version:     L-2016.09L

Arguments:   -product synplify_pro -batch Mux_Mux_synplify.tcl
ProductType: synplify_pro





Technology initialized from device list to: LATTICE-XP

log file: "C:\Users\CarmatchMX\Desktop\Nueva carpeta\6Mux\Mux\Mux_Mux.srr"

Running: hdl_info_gen in foreground



Generating HDL info...


hdl_info_gen completed
# Thu Sep 28 10:55:33 2017

Return Code: 0
Run Time:00h:00m:01s

Copied C:\Users\CarmatchMX\Desktop\Nueva carpeta\6Mux\Mux\Mux_Mux.srr to C:\Users\CarmatchMX\Desktop\Nueva carpeta\6Mux\Mux\Mux_Mux.srf

log file: "C:\Users\CarmatchMX\Desktop\Nueva carpeta\6Mux\Mux\Mux_Mux.srr"

Running: Mux in foreground



Running proj_1|Mux


Running: compile (Compile) on proj_1|Mux
# Thu Sep 28 10:55:33 2017


Running: compile_flow (Compile Process) on proj_1|Mux
# Thu Sep 28 10:55:33 2017


Running: compiler (Compile Input) on proj_1|Mux
# Thu Sep 28 10:55:33 2017

Copied C:\Users\CarmatchMX\Desktop\Nueva carpeta\6Mux\Mux\synwork\Mux_Mux_comp.srs to C:\Users\CarmatchMX\Desktop\Nueva carpeta\6Mux\Mux\Mux_Mux.srs


compiler completed
# Thu Sep 28 10:55:35 2017

Return Code: 0
Run Time:00h:00m:02s


Running: multi_srs_gen (Multi-srs Generator) on proj_1|Mux
# Thu Sep 28 10:55:35 2017


multi_srs_gen completed
# Thu Sep 28 10:55:36 2017

Return Code: 0
Run Time:00h:00m:01s

Copied C:\Users\CarmatchMX\Desktop\Nueva carpeta\6Mux\Mux\synwork\Mux_Mux_mult.srs to C:\Users\CarmatchMX\Desktop\Nueva carpeta\6Mux\Mux\Mux_Mux.srs

Copied C:\Users\CarmatchMX\Desktop\Nueva carpeta\6Mux\Mux\Mux_Mux.srr to C:\Users\CarmatchMX\Desktop\Nueva carpeta\6Mux\Mux\Mux_Mux.srf

Complete: Compile Process on proj_1|Mux


Running: premap (Pre-mapping) on proj_1|Mux
# Thu Sep 28 10:55:36 2017


premap completed
# Thu Sep 28 10:55:38 2017

Return Code: 0
Run Time:00h:00m:02s

Complete: Compile on proj_1|Mux


Running: map (Map) on proj_1|Mux
# Thu Sep 28 10:55:38 2017

License granted for 4 parallel jobs


Running: fpga_mapper (Map & Optimize) on proj_1|Mux
# Thu Sep 28 10:55:38 2017

Copied C:\Users\CarmatchMX\Desktop\Nueva carpeta\6Mux\Mux\synwork\Mux_Mux_m.srm to C:\Users\CarmatchMX\Desktop\Nueva carpeta\6Mux\Mux\Mux_Mux.srm


fpga_mapper completed
# Thu Sep 28 10:55:40 2017

Return Code: 0
Run Time:00h:00m:02s

Complete: Map on proj_1|Mux

Copied C:\Users\CarmatchMX\Desktop\Nueva carpeta\6Mux\Mux\Mux_Mux.srr to C:\Users\CarmatchMX\Desktop\Nueva carpeta\6Mux\Mux\Mux_Mux.srf

Complete: Logic Synthesis on proj_1|Mux

TCL script complete: "Mux_Mux_synplify.tcl"

exit status=0

exit status=0

Save changes for project:
C:\Users\CarmatchMX\Desktop\Nueva carpeta\6Mux\Mux\proj_1.prj

batch mode default:no

